<?xml version="1.0"?>
<!DOCTYPE coverage SYSTEM "http://cobertura.sourceforge.net/xml/coverage-04.dtd">

<coverage line-rate="0.6625" branch-rate="0.5" lines-covered="53" lines-valid="80" branches-covered="8" branches-valid="16" complexity="1.8888888888888888" version="1.9.4.1" timestamp="1359393080612">
	<sources>
		<source>--source</source>
		<source>C:/Java/hudson/jobs/uimafit/workspace/uimaFIT-spring/src/main/java</source>
	</sources>
	<packages>
		<package name="org.uimafit.spring" line-rate="0.6046511627906976" branch-rate="0.5" complexity="3.3333333333333335">
			<classes>
				<class name="org.uimafit.spring.SpringContextResourceManager" filename="org/uimafit/spring/SpringContextResourceManager.java" line-rate="0.6046511627906976" branch-rate="0.5" complexity="3.3333333333333335">
					<methods>
						<method name="&lt;init&gt;" signature="()V" line-rate="1.0" branch-rate="1.0">
							<lines>
								<line number="44" hits="1" branch="false"/>
								<line number="49" hits="1" branch="false"/>
							</lines>
						</method>
						<method name="getFieldValue" signature="(Ljava/lang/Object;Ljava/lang/String;)Ljava/lang/Object;" line-rate="0.0" branch-rate="1.0">
							<lines>
								<line number="160" hits="0" branch="false"/>
							</lines>
						</method>
						<method name="initializeExternalResources" signature="(Lorg/apache/uima/resource/metadata/ResourceManagerConfiguration;Ljava/lang/String;Ljava/util/Map;)V" line-rate="0.42857142857142855" branch-rate="0.4">
							<lines>
								<line number="57" hits="13" branch="true" condition-coverage="100% (2/2)">
									<conditions>
										<condition number="0" type="jump" coverage="100%"/>
									</conditions>
								</line>
								<line number="58" hits="12" branch="false"/>
								<line number="60" hits="12" branch="true" condition-coverage="50% (1/2)">
									<conditions>
										<condition number="0" type="jump" coverage="50%"/>
									</conditions>
								</line>
								<line number="64" hits="12" branch="false"/>
								<line number="69" hits="12" branch="false"/>
								<line number="72" hits="12" branch="true" condition-coverage="50% (1/2)">
									<conditions>
										<condition number="0" type="jump" coverage="50%"/>
									</conditions>
								</line>
								<line number="73" hits="0" branch="false"/>
								<line number="76" hits="0" branch="false"/>
								<line number="77" hits="0" branch="false"/>
								<line number="78" hits="12" branch="false"/>
								<line number="82" hits="0" branch="false"/>
								<line number="84" hits="0" branch="true" condition-coverage="0% (0/2)">
									<conditions>
										<condition number="0" type="jump" coverage="0%"/>
									</conditions>
								</line>
								<line number="85" hits="0" branch="false"/>
								<line number="87" hits="0" branch="true" condition-coverage="0% (0/2)">
									<conditions>
										<condition number="0" type="jump" coverage="0%"/>
									</conditions>
								</line>
								<line number="88" hits="0" branch="false"/>
								<line number="98" hits="0" branch="false"/>
								<line number="109" hits="0" branch="false"/>
								<line number="110" hits="0" branch="false"/>
								<line number="111" hits="0" branch="false"/>
								<line number="115" hits="1" branch="false"/>
								<line number="116" hits="1" branch="false"/>
							</lines>
						</method>
						<method name="isAutowireEnabled" signature="()Z" line-rate="1.0" branch-rate="1.0">
							<lines>
								<line number="170" hits="12" branch="false"/>
							</lines>
						</method>
						<method name="newInstance" signature="(Ljava/lang/String;[Ljava/lang/Object;)Ljava/lang/Object;" line-rate="0.8571428571428571" branch-rate="0.75">
							<lines>
								<line number="129" hits="12" branch="false"/>
								<line number="131" hits="12" branch="false"/>
								<line number="133" hits="12" branch="false"/>
								<line number="134" hits="12" branch="false"/>
								<line number="135" hits="48" branch="true" condition-coverage="100% (2/2)">
									<conditions>
										<condition number="0" type="jump" coverage="100%"/>
									</conditions>
								</line>
								<line number="136" hits="36" branch="false"/>
								<line number="137" hits="36" branch="false"/>
								<line number="140" hits="12" branch="false"/>
								<line number="141" hits="12" branch="false"/>
								<line number="142" hits="12" branch="false"/>
								<line number="144" hits="0" branch="false"/>
								<line number="145" hits="0" branch="false"/>
								<line number="148" hits="12" branch="true" condition-coverage="50% (1/2)">
									<conditions>
										<condition number="0" type="jump" coverage="50%"/>
									</conditions>
								</line>
								<line number="149" hits="12" branch="false"/>
							</lines>
						</method>
						<method name="setApplicationContext" signature="(Lorg/springframework/context/ApplicationContext;)V" line-rate="1.0" branch-rate="1.0">
							<lines>
								<line number="121" hits="1" branch="false"/>
								<line number="122" hits="1" branch="false"/>
							</lines>
						</method>
						<method name="setAutowireEnabled" signature="(Z)V" line-rate="0.0" branch-rate="1.0">
							<lines>
								<line number="165" hits="0" branch="false"/>
								<line number="166" hits="0" branch="false"/>
							</lines>
						</method>
					</methods>
					<lines>
						<line number="44" hits="1" branch="false"/>
						<line number="49" hits="1" branch="false"/>
						<line number="57" hits="13" branch="true" condition-coverage="100% (2/2)">
							<conditions>
								<condition number="0" type="jump" coverage="100%"/>
							</conditions>
						</line>
						<line number="58" hits="12" branch="false"/>
						<line number="60" hits="12" branch="true" condition-coverage="50% (1/2)">
							<conditions>
								<condition number="0" type="jump" coverage="50%"/>
							</conditions>
						</line>
						<line number="64" hits="12" branch="false"/>
						<line number="69" hits="12" branch="false"/>
						<line number="72" hits="12" branch="true" condition-coverage="50% (1/2)">
							<conditions>
								<condition number="0" type="jump" coverage="50%"/>
							</conditions>
						</line>
						<line number="73" hits="0" branch="false"/>
						<line number="76" hits="0" branch="false"/>
						<line number="77" hits="0" branch="false"/>
						<line number="78" hits="12" branch="false"/>
						<line number="82" hits="0" branch="false"/>
						<line number="84" hits="0" branch="true" condition-coverage="0% (0/2)">
							<conditions>
								<condition number="0" type="jump" coverage="0%"/>
							</conditions>
						</line>
						<line number="85" hits="0" branch="false"/>
						<line number="87" hits="0" branch="true" condition-coverage="0% (0/2)">
							<conditions>
								<condition number="0" type="jump" coverage="0%"/>
							</conditions>
						</line>
						<line number="88" hits="0" branch="false"/>
						<line number="98" hits="0" branch="false"/>
						<line number="109" hits="0" branch="false"/>
						<line number="110" hits="0" branch="false"/>
						<line number="111" hits="0" branch="false"/>
						<line number="115" hits="1" branch="false"/>
						<line number="116" hits="1" branch="false"/>
						<line number="121" hits="1" branch="false"/>
						<line number="122" hits="1" branch="false"/>
						<line number="129" hits="12" branch="false"/>
						<line number="131" hits="12" branch="false"/>
						<line number="133" hits="12" branch="false"/>
						<line number="134" hits="12" branch="false"/>
						<line number="135" hits="48" branch="true" condition-coverage="100% (2/2)">
							<conditions>
								<condition number="0" type="jump" coverage="100%"/>
							</conditions>
						</line>
						<line number="136" hits="36" branch="false"/>
						<line number="137" hits="36" branch="false"/>
						<line number="140" hits="12" branch="false"/>
						<line number="141" hits="12" branch="false"/>
						<line number="142" hits="12" branch="false"/>
						<line number="144" hits="0" branch="false"/>
						<line number="145" hits="0" branch="false"/>
						<line number="148" hits="12" branch="true" condition-coverage="50% (1/2)">
							<conditions>
								<condition number="0" type="jump" coverage="50%"/>
							</conditions>
						</line>
						<line number="149" hits="12" branch="false"/>
						<line number="160" hits="0" branch="false"/>
						<line number="165" hits="0" branch="false"/>
						<line number="166" hits="0" branch="false"/>
						<line number="170" hits="12" branch="false"/>
					</lines>
				</class>
			</classes>
		</package>
		<package name="org.uimafit.spring.factory" line-rate="0.68" branch-rate="1.0" complexity="1.0">
			<classes>
				<class name="org.uimafit.spring.factory.AnalysisEngineFactory_impl" filename="org/uimafit/spring/factory/AnalysisEngineFactory_impl.java" line-rate="1.0" branch-rate="1.0" complexity="1.0">
					<methods>
						<method name="&lt;init&gt;" signature="()V" line-rate="1.0" branch-rate="1.0">
							<lines>
								<line number="36" hits="1" branch="false"/>
							</lines>
						</method>
						<method name="produceResource" signature="(Ljava/lang/Class;Lorg/apache/uima/resource/ResourceSpecifier;Ljava/util/Map;)Lorg/apache/uima/resource/Resource;" line-rate="1.0" branch-rate="1.0">
							<lines>
								<line number="48" hits="1" branch="false"/>
								<line number="49" hits="1" branch="false"/>
							</lines>
						</method>
						<method name="setApplicationContext" signature="(Lorg/springframework/context/ApplicationContext;)V" line-rate="1.0" branch-rate="1.0">
							<lines>
								<line number="41" hits="1" branch="false"/>
								<line number="42" hits="1" branch="false"/>
							</lines>
						</method>
					</methods>
					<lines>
						<line number="36" hits="1" branch="false"/>
						<line number="41" hits="1" branch="false"/>
						<line number="42" hits="1" branch="false"/>
						<line number="48" hits="1" branch="false"/>
						<line number="49" hits="1" branch="false"/>
					</lines>
				</class>
				<class name="org.uimafit.spring.factory.CasConsumerFactory_impl" filename="org/uimafit/spring/factory/CasConsumerFactory_impl.java" line-rate="0.6" branch-rate="1.0" complexity="1.0">
					<methods>
						<method name="&lt;init&gt;" signature="()V" line-rate="1.0" branch-rate="1.0">
							<lines>
								<line number="36" hits="1" branch="false"/>
							</lines>
						</method>
						<method name="produceResource" signature="(Ljava/lang/Class;Lorg/apache/uima/resource/ResourceSpecifier;Ljava/util/Map;)Lorg/apache/uima/resource/Resource;" line-rate="0.0" branch-rate="1.0">
							<lines>
								<line number="53" hits="0" branch="false"/>
								<line number="54" hits="0" branch="false"/>
							</lines>
						</method>
						<method name="setApplicationContext" signature="(Lorg/springframework/context/ApplicationContext;)V" line-rate="1.0" branch-rate="1.0">
							<lines>
								<line number="45" hits="1" branch="false"/>
								<line number="46" hits="1" branch="false"/>
							</lines>
						</method>
					</methods>
					<lines>
						<line number="36" hits="1" branch="false"/>
						<line number="45" hits="1" branch="false"/>
						<line number="46" hits="1" branch="false"/>
						<line number="53" hits="0" branch="false"/>
						<line number="54" hits="0" branch="false"/>
					</lines>
				</class>
				<class name="org.uimafit.spring.factory.CasInitializerFactory_impl" filename="org/uimafit/spring/factory/CasInitializerFactory_impl.java" line-rate="0.6" branch-rate="1.0" complexity="1.0">
					<methods>
						<method name="&lt;init&gt;" signature="()V" line-rate="1.0" branch-rate="1.0">
							<lines>
								<line number="37" hits="1" branch="false"/>
							</lines>
						</method>
						<method name="produceResource" signature="(Ljava/lang/Class;Lorg/apache/uima/resource/ResourceSpecifier;Ljava/util/Map;)Lorg/apache/uima/resource/Resource;" line-rate="0.0" branch-rate="1.0">
							<lines>
								<line number="54" hits="0" branch="false"/>
								<line number="55" hits="0" branch="false"/>
							</lines>
						</method>
						<method name="setApplicationContext" signature="(Lorg/springframework/context/ApplicationContext;)V" line-rate="1.0" branch-rate="1.0">
							<lines>
								<line number="46" hits="1" branch="false"/>
								<line number="47" hits="1" branch="false"/>
							</lines>
						</method>
					</methods>
					<lines>
						<line number="37" hits="1" branch="false"/>
						<line number="46" hits="1" branch="false"/>
						<line number="47" hits="1" branch="false"/>
						<line number="54" hits="0" branch="false"/>
						<line number="55" hits="0" branch="false"/>
					</lines>
				</class>
				<class name="org.uimafit.spring.factory.CollectionReaderFactory_impl" filename="org/uimafit/spring/factory/CollectionReaderFactory_impl.java" line-rate="0.6" branch-rate="1.0" complexity="1.0">
					<methods>
						<method name="&lt;init&gt;" signature="()V" line-rate="1.0" branch-rate="1.0">
							<lines>
								<line number="36" hits="1" branch="false"/>
							</lines>
						</method>
						<method name="produceResource" signature="(Ljava/lang/Class;Lorg/apache/uima/resource/ResourceSpecifier;Ljava/util/Map;)Lorg/apache/uima/resource/Resource;" line-rate="0.0" branch-rate="1.0">
							<lines>
								<line number="53" hits="0" branch="false"/>
								<line number="54" hits="0" branch="false"/>
							</lines>
						</method>
						<method name="setApplicationContext" signature="(Lorg/springframework/context/ApplicationContext;)V" line-rate="1.0" branch-rate="1.0">
							<lines>
								<line number="45" hits="1" branch="false"/>
								<line number="46" hits="1" branch="false"/>
							</lines>
						</method>
					</methods>
					<lines>
						<line number="36" hits="1" branch="false"/>
						<line number="45" hits="1" branch="false"/>
						<line number="46" hits="1" branch="false"/>
						<line number="53" hits="0" branch="false"/>
						<line number="54" hits="0" branch="false"/>
					</lines>
				</class>
				<class name="org.uimafit.spring.factory.CustomResourceFactory_impl" filename="org/uimafit/spring/factory/CustomResourceFactory_impl.java" line-rate="0.6" branch-rate="1.0" complexity="1.0">
					<methods>
						<method name="&lt;init&gt;" signature="()V" line-rate="1.0" branch-rate="1.0">
							<lines>
								<line number="36" hits="1" branch="false"/>
							</lines>
						</method>
						<method name="produceResource" signature="(Ljava/lang/Class;Lorg/apache/uima/resource/ResourceSpecifier;Ljava/util/Map;)Lorg/apache/uima/resource/Resource;" line-rate="0.0" branch-rate="1.0">
							<lines>
								<line number="53" hits="0" branch="false"/>
								<line number="54" hits="0" branch="false"/>
							</lines>
						</method>
						<method name="setApplicationContext" signature="(Lorg/springframework/context/ApplicationContext;)V" line-rate="1.0" branch-rate="1.0">
							<lines>
								<line number="45" hits="1" branch="false"/>
								<line number="46" hits="1" branch="false"/>
							</lines>
						</method>
					</methods>
					<lines>
						<line number="36" hits="1" branch="false"/>
						<line number="45" hits="1" branch="false"/>
						<line number="46" hits="1" branch="false"/>
						<line number="53" hits="0" branch="false"/>
						<line number="54" hits="0" branch="false"/>
					</lines>
				</class>
			</classes>
		</package>
		<package name="org.uimafit.spring.util" line-rate="0.8333333333333334" branch-rate="0.5" complexity="2.0">
			<classes>
				<class name="org.uimafit.spring.util.ResourceInitializationUtil" filename="org/uimafit/spring/util/ResourceInitializationUtil.java" line-rate="0.8333333333333334" branch-rate="0.5" complexity="2.0">
					<methods>
						<method name="&lt;init&gt;" signature="()V" line-rate="0.0" branch-rate="1.0">
							<lines>
								<line number="33" hits="0" branch="false"/>
							</lines>
						</method>
						<method name="initResource" signature="(Lorg/apache/uima/resource/Resource;Lorg/springframework/context/ApplicationContext;)Lorg/apache/uima/resource/Resource;" line-rate="0.875" branch-rate="0.5">
							<lines>
								<line number="50" hits="1" branch="false"/>
								<line number="53" hits="1" branch="true" condition-coverage="50% (1/2)">
									<conditions>
										<condition number="0" type="jump" coverage="50%"/>
									</conditions>
								</line>
								<line number="54" hits="1" branch="false"/>
								<line number="57" hits="1" branch="false"/>
								<line number="59" hits="1" branch="false"/>
								<line number="60" hits="1" branch="false"/>
								<line number="62" hits="1" branch="false"/>
								<line number="65" hits="0" branch="false"/>
							</lines>
						</method>
						<method name="initializeBean" signature="(Lorg/springframework/beans/factory/config/AutowireCapableBeanFactory;Ljava/lang/Object;Ljava/lang/String;)Ljava/lang/Object;" line-rate="1.0" branch-rate="1.0">
							<lines>
								<line number="40" hits="1" branch="false"/>
								<line number="41" hits="1" branch="false"/>
								<line number="42" hits="1" branch="false"/>
							</lines>
						</method>
					</methods>
					<lines>
						<line number="33" hits="0" branch="false"/>
						<line number="40" hits="1" branch="false"/>
						<line number="41" hits="1" branch="false"/>
						<line number="42" hits="1" branch="false"/>
						<line number="50" hits="1" branch="false"/>
						<line number="53" hits="1" branch="true" condition-coverage="50% (1/2)">
							<conditions>
								<condition number="0" type="jump" coverage="50%"/>
							</conditions>
						</line>
						<line number="54" hits="1" branch="false"/>
						<line number="57" hits="1" branch="false"/>
						<line number="59" hits="1" branch="false"/>
						<line number="60" hits="1" branch="false"/>
						<line number="62" hits="1" branch="false"/>
						<line number="65" hits="0" branch="false"/>
					</lines>
				</class>
			</classes>
		</package>
	</packages>
</coverage>
