<?xml version="1.0"?>
<!DOCTYPE coverage SYSTEM "http://cobertura.sourceforge.net/xml/coverage-04.dtd">

<coverage line-rate="0.7961275626423691" branch-rate="0.6989150090415913" lines-covered="2097" lines-valid="2634" branches-covered="773" branches-valid="1106" complexity="2.423076923076923" version="1.9.4.1" timestamp="1359393062982">
	<sources>
		<source>--source</source>
		<source>C:/Java/hudson/jobs/uimafit/workspace/uimaFIT/src/main/java</source>
	</sources>
	<packages>
		<package name="org.uimafit.component" line-rate="0.848" branch-rate="0.4166666666666667" complexity="1.6388888888888888">
			<classes>
				<class name="org.uimafit.component.CasAnnotator_ImplBase" filename="org/uimafit/component/CasAnnotator_ImplBase.java" line-rate="1.0" branch-rate="0.5" complexity="1.5">
					<methods>
						<method name="&lt;init&gt;" signature="()V" line-rate="1.0" branch-rate="1.0">
							<lines>
								<line number="32" hits="39" branch="false"/>
							</lines>
						</method>
						<method name="getLogger" signature="()Lorg/uimafit/util/ExtendedLogger;" line-rate="1.0" branch-rate="0.5">
							<lines>
								<line number="37" hits="1" branch="true" condition-coverage="50% (1/2)">
									<conditions>
										<condition number="0" type="jump" coverage="50%"/>
									</conditions>
								</line>
								<line number="38" hits="1" branch="false"/>
								<line number="40" hits="1" branch="false"/>
							</lines>
						</method>
						<method name="initialize" signature="(Lorg/apache/uima/UimaContext;)V" line-rate="1.0" branch-rate="1.0">
							<lines>
								<line number="45" hits="39" branch="false"/>
								<line number="46" hits="39" branch="false"/>
								<line number="47" hits="39" branch="false"/>
								<line number="48" hits="39" branch="false"/>
							</lines>
						</method>
					</methods>
					<lines>
						<line number="32" hits="39" branch="false"/>
						<line number="37" hits="1" branch="true" condition-coverage="50% (1/2)">
							<conditions>
								<condition number="0" type="jump" coverage="50%"/>
							</conditions>
						</line>
						<line number="38" hits="1" branch="false"/>
						<line number="40" hits="1" branch="false"/>
						<line number="45" hits="39" branch="false"/>
						<line number="46" hits="39" branch="false"/>
						<line number="47" hits="39" branch="false"/>
						<line number="48" hits="39" branch="false"/>
					</lines>
				</class>
				<class name="org.uimafit.component.CasCollectionReader_ImplBase" filename="org/uimafit/component/CasCollectionReader_ImplBase.java" line-rate="0.8181818181818182" branch-rate="0.5" complexity="1.25">
					<methods>
						<method name="&lt;init&gt;" signature="()V" line-rate="1.0" branch-rate="1.0">
							<lines>
								<line number="37" hits="11" branch="false"/>
							</lines>
						</method>
						<method name="close" signature="()V" line-rate="0.0" branch-rate="1.0">
							<lines>
								<line number="65" hits="0" branch="false"/>
							</lines>
						</method>
						<method name="getLogger" signature="()Lorg/apache/uima/util/Logger;" line-rate="0.0" branch-rate="1.0">
							<lines>
								<line number="36" hits="0" branch="false"/>
							</lines>
						</method>
						<method name="getLogger" signature="()Lorg/uimafit/util/ExtendedLogger;" line-rate="1.0" branch-rate="0.5">
							<lines>
								<line number="42" hits="1" branch="true" condition-coverage="50% (1/2)">
									<conditions>
										<condition number="0" type="jump" coverage="50%"/>
									</conditions>
								</line>
								<line number="43" hits="1" branch="false"/>
								<line number="45" hits="1" branch="false"/>
							</lines>
						</method>
						<method name="initialize" signature="()V" line-rate="1.0" branch-rate="1.0">
							<lines>
								<line number="51" hits="10" branch="false"/>
								<line number="52" hits="10" branch="false"/>
								<line number="53" hits="10" branch="false"/>
								<line number="54" hits="9" branch="false"/>
							</lines>
						</method>
						<method name="initialize" signature="(Lorg/apache/uima/UimaContext;)V" line-rate="1.0" branch-rate="1.0">
							<lines>
								<line number="61" hits="10" branch="false"/>
							</lines>
						</method>
					</methods>
					<lines>
						<line number="36" hits="0" branch="false"/>
						<line number="37" hits="11" branch="false"/>
						<line number="42" hits="1" branch="true" condition-coverage="50% (1/2)">
							<conditions>
								<condition number="0" type="jump" coverage="50%"/>
							</conditions>
						</line>
						<line number="43" hits="1" branch="false"/>
						<line number="45" hits="1" branch="false"/>
						<line number="51" hits="10" branch="false"/>
						<line number="52" hits="10" branch="false"/>
						<line number="53" hits="10" branch="false"/>
						<line number="54" hits="9" branch="false"/>
						<line number="61" hits="10" branch="false"/>
						<line number="65" hits="0" branch="false"/>
					</lines>
				</class>
				<class name="org.uimafit.component.CasConsumer_ImplBase" filename="org/uimafit/component/CasConsumer_ImplBase.java" line-rate="1.0" branch-rate="1.0" complexity="1.5">
					<methods>
						<method name="&lt;init&gt;" signature="()V" line-rate="1.0" branch-rate="1.0">
							<lines>
								<line number="36" hits="4" branch="false"/>
							</lines>
						</method>
						<method name="getLogger" signature="()Lorg/uimafit/util/ExtendedLogger;" line-rate="1.0" branch-rate="1.0">
							<lines>
								<line number="41" hits="23" branch="true" condition-coverage="100% (2/2)">
									<conditions>
										<condition number="0" type="jump" coverage="100%"/>
									</conditions>
								</line>
								<line number="42" hits="2" branch="false"/>
								<line number="44" hits="23" branch="false"/>
							</lines>
						</method>
						<method name="initialize" signature="(Lorg/apache/uima/UimaContext;)V" line-rate="1.0" branch-rate="1.0">
							<lines>
								<line number="49" hits="4" branch="false"/>
								<line number="50" hits="4" branch="false"/>
								<line number="51" hits="4" branch="false"/>
								<line number="52" hits="4" branch="false"/>
							</lines>
						</method>
					</methods>
					<lines>
						<line number="36" hits="4" branch="false"/>
						<line number="41" hits="23" branch="true" condition-coverage="100% (2/2)">
							<conditions>
								<condition number="0" type="jump" coverage="100%"/>
							</conditions>
						</line>
						<line number="42" hits="2" branch="false"/>
						<line number="44" hits="23" branch="false"/>
						<line number="49" hits="4" branch="false"/>
						<line number="50" hits="4" branch="false"/>
						<line number="51" hits="4" branch="false"/>
						<line number="52" hits="4" branch="false"/>
					</lines>
				</class>
				<class name="org.uimafit.component.CasFlowController_ImplBase" filename="org/uimafit/component/CasFlowController_ImplBase.java" line-rate="0.625" branch-rate="0.0" complexity="1.5">
					<methods>
						<method name="&lt;init&gt;" signature="()V" line-rate="1.0" branch-rate="1.0">
							<lines>
								<line number="30" hits="1" branch="false"/>
							</lines>
						</method>
						<method name="getLogger" signature="()Lorg/uimafit/util/ExtendedLogger;" line-rate="0.0" branch-rate="0.0">
							<lines>
								<line number="35" hits="0" branch="true" condition-coverage="0% (0/2)">
									<conditions>
										<condition number="0" type="jump" coverage="0%"/>
									</conditions>
								</line>
								<line number="36" hits="0" branch="false"/>
								<line number="38" hits="0" branch="false"/>
							</lines>
						</method>
						<method name="initialize" signature="(Lorg/apache/uima/flow/FlowControllerContext;)V" line-rate="1.0" branch-rate="1.0">
							<lines>
								<line number="44" hits="1" branch="false"/>
								<line number="45" hits="1" branch="false"/>
								<line number="46" hits="1" branch="false"/>
								<line number="47" hits="1" branch="false"/>
							</lines>
						</method>
					</methods>
					<lines>
						<line number="30" hits="1" branch="false"/>
						<line number="35" hits="0" branch="true" condition-coverage="0% (0/2)">
							<conditions>
								<condition number="0" type="jump" coverage="0%"/>
							</conditions>
						</line>
						<line number="36" hits="0" branch="false"/>
						<line number="38" hits="0" branch="false"/>
						<line number="44" hits="1" branch="false"/>
						<line number="45" hits="1" branch="false"/>
						<line number="46" hits="1" branch="false"/>
						<line number="47" hits="1" branch="false"/>
					</lines>
				</class>
				<class name="org.uimafit.component.CasMultiplier_ImplBase" filename="org/uimafit/component/CasMultiplier_ImplBase.java" line-rate="1.0" branch-rate="0.5" complexity="1.5">
					<methods>
						<method name="&lt;init&gt;" signature="()V" line-rate="1.0" branch-rate="1.0">
							<lines>
								<line number="34" hits="1" branch="false"/>
							</lines>
						</method>
						<method name="getLogger" signature="()Lorg/uimafit/util/ExtendedLogger;" line-rate="1.0" branch-rate="0.5">
							<lines>
								<line number="39" hits="1" branch="true" condition-coverage="50% (1/2)">
									<conditions>
										<condition number="0" type="jump" coverage="50%"/>
									</conditions>
								</line>
								<line number="40" hits="1" branch="false"/>
								<line number="42" hits="1" branch="false"/>
							</lines>
						</method>
						<method name="initialize" signature="(Lorg/apache/uima/UimaContext;)V" line-rate="1.0" branch-rate="1.0">
							<lines>
								<line number="47" hits="1" branch="false"/>
								<line number="48" hits="1" branch="false"/>
								<line number="49" hits="1" branch="false"/>
								<line number="50" hits="1" branch="false"/>
							</lines>
						</method>
					</methods>
					<lines>
						<line number="34" hits="1" branch="false"/>
						<line number="39" hits="1" branch="true" condition-coverage="50% (1/2)">
							<conditions>
								<condition number="0" type="jump" coverage="50%"/>
							</conditions>
						</line>
						<line number="40" hits="1" branch="false"/>
						<line number="42" hits="1" branch="false"/>
						<line number="47" hits="1" branch="false"/>
						<line number="48" hits="1" branch="false"/>
						<line number="49" hits="1" branch="false"/>
						<line number="50" hits="1" branch="false"/>
					</lines>
				</class>
				<class name="org.uimafit.component.ExternalResourceAware" filename="org/uimafit/component/ExternalResourceAware.java" line-rate="1.0" branch-rate="1.0" complexity="1.0">
					<methods>
					</methods>
					<lines>
					</lines>
				</class>
				<class name="org.uimafit.component.JCasAnnotator_ImplBase" filename="org/uimafit/component/JCasAnnotator_ImplBase.java" line-rate="1.0" branch-rate="0.5" complexity="1.5">
					<methods>
						<method name="&lt;init&gt;" signature="()V" line-rate="1.0" branch-rate="1.0">
							<lines>
								<line number="32" hits="87" branch="false"/>
							</lines>
						</method>
						<method name="getLogger" signature="()Lorg/uimafit/util/ExtendedLogger;" line-rate="1.0" branch-rate="0.5">
							<lines>
								<line number="37" hits="1" branch="true" condition-coverage="50% (1/2)">
									<conditions>
										<condition number="0" type="jump" coverage="50%"/>
									</conditions>
								</line>
								<line number="38" hits="1" branch="false"/>
								<line number="40" hits="1" branch="false"/>
							</lines>
						</method>
						<method name="initialize" signature="(Lorg/apache/uima/UimaContext;)V" line-rate="1.0" branch-rate="1.0">
							<lines>
								<line number="45" hits="87" branch="false"/>
								<line number="46" hits="87" branch="false"/>
								<line number="47" hits="86" branch="false"/>
								<line number="48" hits="86" branch="false"/>
							</lines>
						</method>
					</methods>
					<lines>
						<line number="32" hits="87" branch="false"/>
						<line number="37" hits="1" branch="true" condition-coverage="50% (1/2)">
							<conditions>
								<condition number="0" type="jump" coverage="50%"/>
							</conditions>
						</line>
						<line number="38" hits="1" branch="false"/>
						<line number="40" hits="1" branch="false"/>
						<line number="45" hits="87" branch="false"/>
						<line number="46" hits="87" branch="false"/>
						<line number="47" hits="86" branch="false"/>
						<line number="48" hits="86" branch="false"/>
					</lines>
				</class>
				<class name="org.uimafit.component.JCasCollectionReader_ImplBase" filename="org/uimafit/component/JCasCollectionReader_ImplBase.java" line-rate="0.8125" branch-rate="0.5" complexity="1.5">
					<methods>
						<method name="&lt;init&gt;" signature="()V" line-rate="1.0" branch-rate="1.0">
							<lines>
								<line number="41" hits="4" branch="false"/>
							</lines>
						</method>
						<method name="close" signature="()V" line-rate="1.0" branch-rate="1.0">
							<lines>
								<line number="84" hits="1" branch="false"/>
							</lines>
						</method>
						<method name="getLogger" signature="()Lorg/apache/uima/util/Logger;" line-rate="0.0" branch-rate="1.0">
							<lines>
								<line number="40" hits="0" branch="false"/>
							</lines>
						</method>
						<method name="getLogger" signature="()Lorg/uimafit/util/ExtendedLogger;" line-rate="1.0" branch-rate="0.5">
							<lines>
								<line number="46" hits="1" branch="true" condition-coverage="50% (1/2)">
									<conditions>
										<condition number="0" type="jump" coverage="50%"/>
									</conditions>
								</line>
								<line number="47" hits="1" branch="false"/>
								<line number="49" hits="1" branch="false"/>
							</lines>
						</method>
						<method name="getNext" signature="(Lorg/apache/uima/cas/CAS;)V" line-rate="0.6" branch-rate="1.0">
							<lines>
								<line number="70" hits="3" branch="false"/>
								<line number="72" hits="0" branch="false"/>
								<line number="73" hits="0" branch="false"/>
								<line number="74" hits="3" branch="false"/>
								<line number="75" hits="3" branch="false"/>
							</lines>
						</method>
						<method name="initialize" signature="()V" line-rate="1.0" branch-rate="1.0">
							<lines>
								<line number="55" hits="4" branch="false"/>
								<line number="56" hits="4" branch="false"/>
								<line number="57" hits="4" branch="false"/>
								<line number="58" hits="4" branch="false"/>
							</lines>
						</method>
						<method name="initialize" signature="(Lorg/apache/uima/UimaContext;)V" line-rate="1.0" branch-rate="1.0">
							<lines>
								<line number="65" hits="4" branch="false"/>
							</lines>
						</method>
					</methods>
					<lines>
						<line number="40" hits="0" branch="false"/>
						<line number="41" hits="4" branch="false"/>
						<line number="46" hits="1" branch="true" condition-coverage="50% (1/2)">
							<conditions>
								<condition number="0" type="jump" coverage="50%"/>
							</conditions>
						</line>
						<line number="47" hits="1" branch="false"/>
						<line number="49" hits="1" branch="false"/>
						<line number="55" hits="4" branch="false"/>
						<line number="56" hits="4" branch="false"/>
						<line number="57" hits="4" branch="false"/>
						<line number="58" hits="4" branch="false"/>
						<line number="65" hits="4" branch="false"/>
						<line number="70" hits="3" branch="false"/>
						<line number="72" hits="0" branch="false"/>
						<line number="73" hits="0" branch="false"/>
						<line number="74" hits="3" branch="false"/>
						<line number="75" hits="3" branch="false"/>
						<line number="84" hits="1" branch="false"/>
					</lines>
				</class>
				<class name="org.uimafit.component.JCasConsumer_ImplBase" filename="org/uimafit/component/JCasConsumer_ImplBase.java" line-rate="1.0" branch-rate="0.5" complexity="1.5">
					<methods>
						<method name="&lt;init&gt;" signature="()V" line-rate="1.0" branch-rate="1.0">
							<lines>
								<line number="36" hits="5" branch="false"/>
							</lines>
						</method>
						<method name="getLogger" signature="()Lorg/uimafit/util/ExtendedLogger;" line-rate="1.0" branch-rate="0.5">
							<lines>
								<line number="41" hits="1" branch="true" condition-coverage="50% (1/2)">
									<conditions>
										<condition number="0" type="jump" coverage="50%"/>
									</conditions>
								</line>
								<line number="42" hits="1" branch="false"/>
								<line number="44" hits="1" branch="false"/>
							</lines>
						</method>
						<method name="initialize" signature="(Lorg/apache/uima/UimaContext;)V" line-rate="1.0" branch-rate="1.0">
							<lines>
								<line number="49" hits="5" branch="false"/>
								<line number="50" hits="5" branch="false"/>
								<line number="51" hits="5" branch="false"/>
								<line number="52" hits="5" branch="false"/>
							</lines>
						</method>
					</methods>
					<lines>
						<line number="36" hits="5" branch="false"/>
						<line number="41" hits="1" branch="true" condition-coverage="50% (1/2)">
							<conditions>
								<condition number="0" type="jump" coverage="50%"/>
							</conditions>
						</line>
						<line number="42" hits="1" branch="false"/>
						<line number="44" hits="1" branch="false"/>
						<line number="49" hits="5" branch="false"/>
						<line number="50" hits="5" branch="false"/>
						<line number="51" hits="5" branch="false"/>
						<line number="52" hits="5" branch="false"/>
					</lines>
				</class>
				<class name="org.uimafit.component.JCasFlowController_ImplBase" filename="org/uimafit/component/JCasFlowController_ImplBase.java" line-rate="0.625" branch-rate="0.0" complexity="1.5">
					<methods>
						<method name="&lt;init&gt;" signature="()V" line-rate="1.0" branch-rate="1.0">
							<lines>
								<line number="29" hits="2" branch="false"/>
							</lines>
						</method>
						<method name="getLogger" signature="()Lorg/uimafit/util/ExtendedLogger;" line-rate="0.0" branch-rate="0.0">
							<lines>
								<line number="34" hits="0" branch="true" condition-coverage="0% (0/2)">
									<conditions>
										<condition number="0" type="jump" coverage="0%"/>
									</conditions>
								</line>
								<line number="35" hits="0" branch="false"/>
								<line number="37" hits="0" branch="false"/>
							</lines>
						</method>
						<method name="initialize" signature="(Lorg/apache/uima/flow/FlowControllerContext;)V" line-rate="1.0" branch-rate="1.0">
							<lines>
								<line number="42" hits="2" branch="false"/>
								<line number="43" hits="2" branch="false"/>
								<line number="44" hits="2" branch="false"/>
								<line number="45" hits="2" branch="false"/>
							</lines>
						</method>
					</methods>
					<lines>
						<line number="29" hits="2" branch="false"/>
						<line number="34" hits="0" branch="true" condition-coverage="0% (0/2)">
							<conditions>
								<condition number="0" type="jump" coverage="0%"/>
							</conditions>
						</line>
						<line number="35" hits="0" branch="false"/>
						<line number="37" hits="0" branch="false"/>
						<line number="42" hits="2" branch="false"/>
						<line number="43" hits="2" branch="false"/>
						<line number="44" hits="2" branch="false"/>
						<line number="45" hits="2" branch="false"/>
					</lines>
				</class>
				<class name="org.uimafit.component.JCasMultiplier_ImplBase" filename="org/uimafit/component/JCasMultiplier_ImplBase.java" line-rate="1.0" branch-rate="0.5" complexity="1.5">
					<methods>
						<method name="&lt;init&gt;" signature="()V" line-rate="1.0" branch-rate="1.0">
							<lines>
								<line number="34" hits="1" branch="false"/>
							</lines>
						</method>
						<method name="getLogger" signature="()Lorg/uimafit/util/ExtendedLogger;" line-rate="1.0" branch-rate="0.5">
							<lines>
								<line number="39" hits="1" branch="true" condition-coverage="50% (1/2)">
									<conditions>
										<condition number="0" type="jump" coverage="50%"/>
									</conditions>
								</line>
								<line number="40" hits="1" branch="false"/>
								<line number="42" hits="1" branch="false"/>
							</lines>
						</method>
						<method name="initialize" signature="(Lorg/apache/uima/UimaContext;)V" line-rate="1.0" branch-rate="1.0">
							<lines>
								<line number="47" hits="1" branch="false"/>
								<line number="48" hits="1" branch="false"/>
								<line number="49" hits="1" branch="false"/>
								<line number="50" hits="1" branch="false"/>
							</lines>
						</method>
					</methods>
					<lines>
						<line number="34" hits="1" branch="false"/>
						<line number="39" hits="1" branch="true" condition-coverage="50% (1/2)">
							<conditions>
								<condition number="0" type="jump" coverage="50%"/>
							</conditions>
						</line>
						<line number="40" hits="1" branch="false"/>
						<line number="42" hits="1" branch="false"/>
						<line number="47" hits="1" branch="false"/>
						<line number="48" hits="1" branch="false"/>
						<line number="49" hits="1" branch="false"/>
						<line number="50" hits="1" branch="false"/>
					</lines>
				</class>
				<class name="org.uimafit.component.NoOpAnnotator" filename="org/uimafit/component/NoOpAnnotator.java" line-rate="1.0" branch-rate="1.0" complexity="1.0">
					<methods>
						<method name="&lt;init&gt;" signature="()V" line-rate="1.0" branch-rate="1.0">
							<lines>
								<line number="28" hits="16" branch="false"/>
							</lines>
						</method>
						<method name="process" signature="(Lorg/apache/uima/cas/CAS;)V" line-rate="1.0" branch-rate="1.0">
							<lines>
								<line number="32" hits="7" branch="false"/>
							</lines>
						</method>
					</methods>
					<lines>
						<line number="28" hits="16" branch="false"/>
						<line number="32" hits="7" branch="false"/>
					</lines>
				</class>
				<class name="org.uimafit.component.Resource_ImplBase" filename="org/uimafit/component/Resource_ImplBase.java" line-rate="0.6" branch-rate="0.25" complexity="1.75">
					<methods>
						<method name="&lt;init&gt;" signature="()V" line-rate="1.0" branch-rate="1.0">
							<lines>
							</lines>
						</method>
						<method name="afterResourcesInitialized" signature="()V" line-rate="1.0" branch-rate="1.0">
							<lines>
								<line number="73" hits="28" branch="false"/>
							</lines>
						</method>
						<method name="getLogger" signature="()Lorg/apache/uima/util/Logger;" line-rate="1.0" branch-rate="1.0">
							<lines>
								<line number="35" hits="40" branch="false"/>
							</lines>
						</method>
						<method name="getLogger" signature="()Lorg/uimafit/util/ExtendedLogger;" line-rate="0.0" branch-rate="0.0">
							<lines>
								<line number="45" hits="0" branch="true" condition-coverage="0% (0/2)">
									<conditions>
										<condition number="0" type="jump" coverage="0%"/>
									</conditions>
								</line>
								<line number="46" hits="0" branch="false"/>
								<line number="48" hits="0" branch="false"/>
							</lines>
						</method>
						<method name="getResourceName" signature="()Ljava/lang/String;" line-rate="1.0" branch-rate="1.0">
							<lines>
								<line number="68" hits="10" branch="false"/>
							</lines>
						</method>
						<method name="initialize" signature="(Lorg/apache/uima/resource/ResourceSpecifier;Ljava/util/Map;)Z" line-rate="0.75" branch-rate="0.5">
							<lines>
								<line number="54" hits="40" branch="true" condition-coverage="50% (1/2)">
									<conditions>
										<condition number="0" type="jump" coverage="50%"/>
									</conditions>
								</line>
								<line number="55" hits="0" branch="false"/>
								<line number="58" hits="40" branch="false"/>
								<line number="64" hits="40" branch="false"/>
							</lines>
						</method>
					</methods>
					<lines>
						<line number="35" hits="40" branch="false"/>
						<line number="45" hits="0" branch="true" condition-coverage="0% (0/2)">
							<conditions>
								<condition number="0" type="jump" coverage="0%"/>
							</conditions>
						</line>
						<line number="46" hits="0" branch="false"/>
						<line number="48" hits="0" branch="false"/>
						<line number="54" hits="40" branch="true" condition-coverage="50% (1/2)">
							<conditions>
								<condition number="0" type="jump" coverage="50%"/>
							</conditions>
						</line>
						<line number="55" hits="0" branch="false"/>
						<line number="58" hits="40" branch="false"/>
						<line number="64" hits="40" branch="false"/>
						<line number="68" hits="10" branch="false"/>
						<line number="73" hits="28" branch="false"/>
					</lines>
				</class>
				<class name="org.uimafit.component.ViewCreatorAnnotator" filename="org/uimafit/component/ViewCreatorAnnotator.java" line-rate="0.7777777777777778" branch-rate="1.0" complexity="3.5">
					<methods>
						<method name="&lt;clinit&gt;" signature="()V" line-rate="1.0" branch-rate="1.0">
							<lines>
								<line number="44" hits="1" branch="false"/>
							</lines>
						</method>
						<method name="&lt;init&gt;" signature="()V" line-rate="1.0" branch-rate="1.0">
							<lines>
								<line number="39" hits="2" branch="false"/>
							</lines>
						</method>
						<method name="createViewSafely" signature="(Lorg/apache/uima/jcas/JCas;Ljava/lang/String;)Lorg/apache/uima/jcas/JCas;" line-rate="0.6" branch-rate="1.0">
							<lines>
								<line number="67" hits="47" branch="false"/>
								<line number="69" hits="45" branch="false"/>
								<line number="70" hits="45" branch="false"/>
								<line number="73" hits="0" branch="false"/>
								<line number="74" hits="0" branch="false"/>
							</lines>
						</method>
						<method name="process" signature="(Lorg/apache/uima/jcas/JCas;)V" line-rate="1.0" branch-rate="1.0">
							<lines>
								<line number="52" hits="7" branch="false"/>
								<line number="53" hits="7" branch="false"/>
							</lines>
						</method>
					</methods>
					<lines>
						<line number="39" hits="2" branch="false"/>
						<line number="44" hits="1" branch="false"/>
						<line number="52" hits="7" branch="false"/>
						<line number="53" hits="7" branch="false"/>
						<line number="67" hits="47" branch="false"/>
						<line number="69" hits="45" branch="false"/>
						<line number="70" hits="45" branch="false"/>
						<line number="73" hits="0" branch="false"/>
						<line number="74" hits="0" branch="false"/>
					</lines>
				</class>
				<class name="org.uimafit.component.ViewTextCopierAnnotator" filename="org/uimafit/component/ViewTextCopierAnnotator.java" line-rate="0.8461538461538461" branch-rate="1.0" complexity="4.0">
					<methods>
						<method name="&lt;clinit&gt;" signature="()V" line-rate="1.0" branch-rate="1.0">
							<lines>
								<line number="44" hits="1" branch="false"/>
								<line number="53" hits="1" branch="false"/>
							</lines>
						</method>
						<method name="&lt;init&gt;" signature="()V" line-rate="1.0" branch-rate="1.0">
							<lines>
								<line number="39" hits="3" branch="false"/>
							</lines>
						</method>
						<method name="process" signature="(Lorg/apache/uima/jcas/JCas;)V" line-rate="0.8" branch-rate="1.0">
							<lines>
								<line number="62" hits="4" branch="false"/>
								<line number="65" hits="3" branch="false"/>
								<line number="67" hits="2" branch="false"/>
								<line number="68" hits="2" branch="false"/>
								<line number="69" hits="1" branch="false"/>
								<line number="70" hits="3" branch="false"/>
								<line number="72" hits="0" branch="false"/>
								<line number="73" hits="0" branch="false"/>
								<line number="74" hits="3" branch="false"/>
								<line number="75" hits="3" branch="false"/>
							</lines>
						</method>
					</methods>
					<lines>
						<line number="39" hits="3" branch="false"/>
						<line number="44" hits="1" branch="false"/>
						<line number="53" hits="1" branch="false"/>
						<line number="62" hits="4" branch="false"/>
						<line number="65" hits="3" branch="false"/>
						<line number="67" hits="2" branch="false"/>
						<line number="68" hits="2" branch="false"/>
						<line number="69" hits="1" branch="false"/>
						<line number="70" hits="3" branch="false"/>
						<line number="72" hits="0" branch="false"/>
						<line number="73" hits="0" branch="false"/>
						<line number="74" hits="3" branch="false"/>
						<line number="75" hits="3" branch="false"/>
					</lines>
				</class>
			</classes>
		</package>
		<package name="org.uimafit.component.initialize" line-rate="0.8395061728395061" branch-rate="0.8255813953488372" complexity="4.470588235294118">
			<classes>
				<class name="org.uimafit.component.initialize.ConfigurationParameterInitializer" filename="org/uimafit/component/initialize/ConfigurationParameterInitializer.java" line-rate="0.8727272727272727" branch-rate="0.8636363636363636" complexity="3.25">
					<methods>
						<method name="&lt;init&gt;" signature="()V" line-rate="0.0" branch-rate="1.0">
							<lines>
								<line number="58" hits="0" branch="false"/>
								<line number="60" hits="0" branch="false"/>
							</lines>
						</method>
						<method name="initialize" signature="(Ljava/lang/Object;Ljava/util/Map;)V" line-rate="1.0" branch-rate="1.0">
							<lines>
								<line number="203" hits="51" branch="false"/>
								<line number="205" hits="51" branch="false"/>
								<line number="206" hits="51" branch="false"/>
								<line number="207" hits="51" branch="true" condition-coverage="100% (2/2)">
									<conditions>
										<condition number="0" type="jump" coverage="100%"/>
									</conditions>
								</line>
								<line number="208" hits="87" branch="false"/>
								<line number="210" hits="87" branch="false"/>
								<line number="211" hits="51" branch="false"/>
								<line number="212" hits="51" branch="false"/>
							</lines>
						</method>
						<method name="initialize" signature="(Ljava/lang/Object;Lorg/apache/uima/UimaContext;)V" line-rate="1.0" branch-rate="0.9375">
							<lines>
								<line number="82" hits="211" branch="false"/>
								<line number="83" hits="211" branch="false"/>
								<line number="85" hits="211" branch="true" condition-coverage="100% (2/2)">
									<conditions>
										<condition number="0" type="jump" coverage="100%"/>
									</conditions>
								</line>
								<line number="86" hits="1724" branch="true" condition-coverage="100% (2/2)">
									<conditions>
										<condition number="0" type="jump" coverage="100%"/>
									</conditions>
								</line>
								<line number="87" hits="490" branch="false"/>
								<line number="91" hits="490" branch="false"/>
								<line number="103" hits="490" branch="false"/>
								<line number="104" hits="490" branch="true" condition-coverage="100% (2/2)">
									<conditions>
										<condition number="0" type="jump" coverage="100%"/>
									</conditions>
								</line>
								<line number="105" hits="80" branch="false"/>
								<line number="108" hits="490" branch="true" condition-coverage="100% (2/2)">
									<conditions>
										<condition number="0" type="jump" coverage="100%"/>
									</conditions>
								</line>
								<line number="109" hits="417" branch="false"/>
								<line number="114" hits="490" branch="true" condition-coverage="100% (2/2)">
									<conditions>
										<condition number="0" type="jump" coverage="100%"/>
									</conditions>
								</line>
								<line number="115" hits="201" branch="false"/>
								<line number="136" hits="1724" branch="false"/>
								<line number="138" hits="211" branch="false"/>
								<line number="177" hits="211" branch="false"/>
								<line number="178" hits="211" branch="false"/>
								<line number="179" hits="211" branch="false"/>
								<line number="180" hits="211" branch="false"/>
								<line number="181" hits="211" branch="true" condition-coverage="100% (2/2)">
									<conditions>
										<condition number="0" type="jump" coverage="100%"/>
									</conditions>
								</line>
								<line number="182" hits="1" branch="false"/>
								<line number="183" hits="1" branch="false"/>
								<line number="184" hits="1" branch="true" condition-coverage="100% (2/2)">
									<conditions>
										<condition number="0" type="jump" coverage="100%"/>
									</conditions>
								</line>
								<line number="185" hits="1" branch="true" condition-coverage="50% (1/2)">
									<conditions>
										<condition number="0" type="jump" coverage="50%"/>
									</conditions>
								</line>
								<line number="186" hits="1" branch="false"/>
								<line number="188" hits="1" branch="false"/>
								<line number="189" hits="1" branch="false"/>
								<line number="190" hits="1" branch="false"/>
								<line number="192" hits="210" branch="false"/>
							</lines>
						</method>
						<method name="initialize" signature="(Ljava/lang/Object;Lorg/apache/uima/resource/DataResource;)V" line-rate="1.0" branch-rate="1.0">
							<lines>
								<line number="267" hits="11" branch="false"/>
								<line number="268" hits="11" branch="false"/>
								<line number="269" hits="11" branch="false"/>
								<line number="270" hits="11" branch="false"/>
							</lines>
						</method>
						<method name="initialize" signature="(Ljava/lang/Object;Lorg/apache/uima/resource/ResourceSpecifier;)V" line-rate="1.0" branch-rate="1.0">
							<lines>
								<line number="223" hits="40" branch="false"/>
								<line number="224" hits="40" branch="false"/>
							</lines>
						</method>
						<method name="initialize" signature="(Ljava/lang/Object;[Lorg/apache/uima/resource/Parameter;)V" line-rate="0.0" branch-rate="0.0">
							<lines>
								<line number="235" hits="0" branch="false"/>
								<line number="236" hits="0" branch="true" condition-coverage="0% (0/2)">
									<conditions>
										<condition number="0" type="jump" coverage="0%"/>
									</conditions>
								</line>
								<line number="237" hits="0" branch="false"/>
								<line number="239" hits="0" branch="false"/>
								<line number="240" hits="0" branch="false"/>
							</lines>
						</method>
						<method name="initialize" signature="(Ljava/lang/Object;[Lorg/apache/uima/resource/metadata/NameValuePair;)V" line-rate="1.0" branch-rate="1.0">
							<lines>
								<line number="251" hits="11" branch="false"/>
								<line number="252" hits="23" branch="true" condition-coverage="100% (2/2)">
									<conditions>
										<condition number="0" type="jump" coverage="100%"/>
									</conditions>
								</line>
								<line number="253" hits="12" branch="false"/>
								<line number="255" hits="11" branch="false"/>
								<line number="256" hits="11" branch="false"/>
							</lines>
						</method>
					</methods>
					<lines>
						<line number="58" hits="0" branch="false"/>
						<line number="60" hits="0" branch="false"/>
						<line number="82" hits="211" branch="false"/>
						<line number="83" hits="211" branch="false"/>
						<line number="85" hits="211" branch="true" condition-coverage="100% (2/2)">
							<conditions>
								<condition number="0" type="jump" coverage="100%"/>
							</conditions>
						</line>
						<line number="86" hits="1724" branch="true" condition-coverage="100% (2/2)">
							<conditions>
								<condition number="0" type="jump" coverage="100%"/>
							</conditions>
						</line>
						<line number="87" hits="490" branch="false"/>
						<line number="91" hits="490" branch="false"/>
						<line number="103" hits="490" branch="false"/>
						<line number="104" hits="490" branch="true" condition-coverage="100% (2/2)">
							<conditions>
								<condition number="0" type="jump" coverage="100%"/>
							</conditions>
						</line>
						<line number="105" hits="80" branch="false"/>
						<line number="108" hits="490" branch="true" condition-coverage="100% (2/2)">
							<conditions>
								<condition number="0" type="jump" coverage="100%"/>
							</conditions>
						</line>
						<line number="109" hits="417" branch="false"/>
						<line number="114" hits="490" branch="true" condition-coverage="100% (2/2)">
							<conditions>
								<condition number="0" type="jump" coverage="100%"/>
							</conditions>
						</line>
						<line number="115" hits="201" branch="false"/>
						<line number="136" hits="1724" branch="false"/>
						<line number="138" hits="211" branch="false"/>
						<line number="177" hits="211" branch="false"/>
						<line number="178" hits="211" branch="false"/>
						<line number="179" hits="211" branch="false"/>
						<line number="180" hits="211" branch="false"/>
						<line number="181" hits="211" branch="true" condition-coverage="100% (2/2)">
							<conditions>
								<condition number="0" type="jump" coverage="100%"/>
							</conditions>
						</line>
						<line number="182" hits="1" branch="false"/>
						<line number="183" hits="1" branch="false"/>
						<line number="184" hits="1" branch="true" condition-coverage="100% (2/2)">
							<conditions>
								<condition number="0" type="jump" coverage="100%"/>
							</conditions>
						</line>
						<line number="185" hits="1" branch="true" condition-coverage="50% (1/2)">
							<conditions>
								<condition number="0" type="jump" coverage="50%"/>
							</conditions>
						</line>
						<line number="186" hits="1" branch="false"/>
						<line number="188" hits="1" branch="false"/>
						<line number="189" hits="1" branch="false"/>
						<line number="190" hits="1" branch="false"/>
						<line number="192" hits="210" branch="false"/>
						<line number="203" hits="51" branch="false"/>
						<line number="205" hits="51" branch="false"/>
						<line number="206" hits="51" branch="false"/>
						<line number="207" hits="51" branch="true" condition-coverage="100% (2/2)">
							<conditions>
								<condition number="0" type="jump" coverage="100%"/>
							</conditions>
						</line>
						<line number="208" hits="87" branch="false"/>
						<line number="210" hits="87" branch="false"/>
						<line number="211" hits="51" branch="false"/>
						<line number="212" hits="51" branch="false"/>
						<line number="223" hits="40" branch="false"/>
						<line number="224" hits="40" branch="false"/>
						<line number="235" hits="0" branch="false"/>
						<line number="236" hits="0" branch="true" condition-coverage="0% (0/2)">
							<conditions>
								<condition number="0" type="jump" coverage="0%"/>
							</conditions>
						</line>
						<line number="237" hits="0" branch="false"/>
						<line number="239" hits="0" branch="false"/>
						<line number="240" hits="0" branch="false"/>
						<line number="251" hits="11" branch="false"/>
						<line number="252" hits="23" branch="true" condition-coverage="100% (2/2)">
							<conditions>
								<condition number="0" type="jump" coverage="100%"/>
							</conditions>
						</line>
						<line number="253" hits="12" branch="false"/>
						<line number="255" hits="11" branch="false"/>
						<line number="256" hits="11" branch="false"/>
						<line number="267" hits="11" branch="false"/>
						<line number="268" hits="11" branch="false"/>
						<line number="269" hits="11" branch="false"/>
						<line number="270" hits="11" branch="false"/>
					</lines>
				</class>
				<class name="org.uimafit.component.initialize.ConfigurationParameterInitializer$1" filename="org/uimafit/component/initialize/ConfigurationParameterInitializer.java" line-rate="0.8823529411764706" branch-rate="0.8571428571428571" complexity="3.25">
					<methods>
						<method name="&lt;init&gt;" signature="(Ljava/lang/Object;)V" line-rate="1.0" branch-rate="1.0">
							<lines>
								<line number="138" hits="211" branch="false"/>
							</lines>
						</method>
						<method name="checkRequiredFields" signature="(Lorg/springframework/beans/MutablePropertyValues;)V" line-rate="0.875" branch-rate="0.8571428571428571">
							<lines>
								<line number="141" hits="211" branch="false"/>
								<line number="142" hits="211" branch="true" condition-coverage="100% (2/2)">
									<conditions>
										<condition number="0" type="jump" coverage="100%"/>
									</conditions>
								</line>
								<line number="143" hits="48" branch="false"/>
								<line number="144" hits="48" branch="false"/>
								<line number="145" hits="377" branch="true" condition-coverage="100% (2/2)">
									<conditions>
										<condition number="0" type="jump" coverage="100%"/>
									</conditions>
								</line>
								<line number="146" hits="329" branch="false"/>
								<line number="147" hits="329" branch="false"/>
								<line number="149" hits="249" branch="true" condition-coverage="100% (2/2)">
									<conditions>
										<condition number="0" type="jump" coverage="100%"/>
									</conditions>
								</line>
								<line number="150" hits="201" branch="false"/>
								<line number="151" hits="201" branch="true" condition-coverage="75% (3/4)">
									<conditions>
										<condition number="0" type="jump" coverage="100%"/>
										<condition number="1" type="jump" coverage="50%"/>
									</conditions>
								</line>
								<line number="163" hits="201" branch="true" condition-coverage="100% (2/2)">
									<conditions>
										<condition number="0" type="jump" coverage="100%"/>
									</conditions>
								</line>
								<line number="165" hits="1" branch="false"/>
								<line number="168" hits="1" branch="true" condition-coverage="50% (1/2)">
									<conditions>
										<condition number="0" type="jump" coverage="50%"/>
									</conditions>
								</line>
								<line number="169" hits="0" branch="false"/>
								<line number="170" hits="0" branch="false"/>
								<line number="175" hits="211" branch="false"/>
							</lines>
						</method>
					</methods>
					<lines>
						<line number="138" hits="211" branch="false"/>
						<line number="141" hits="211" branch="false"/>
						<line number="142" hits="211" branch="true" condition-coverage="100% (2/2)">
							<conditions>
								<condition number="0" type="jump" coverage="100%"/>
							</conditions>
						</line>
						<line number="143" hits="48" branch="false"/>
						<line number="144" hits="48" branch="false"/>
						<line number="145" hits="377" branch="true" condition-coverage="100% (2/2)">
							<conditions>
								<condition number="0" type="jump" coverage="100%"/>
							</conditions>
						</line>
						<line number="146" hits="329" branch="false"/>
						<line number="147" hits="329" branch="false"/>
						<line number="149" hits="249" branch="true" condition-coverage="100% (2/2)">
							<conditions>
								<condition number="0" type="jump" coverage="100%"/>
							</conditions>
						</line>
						<line number="150" hits="201" branch="false"/>
						<line number="151" hits="201" branch="true" condition-coverage="75% (3/4)">
							<conditions>
								<condition number="0" type="jump" coverage="100%"/>
								<condition number="1" type="jump" coverage="50%"/>
							</conditions>
						</line>
						<line number="163" hits="201" branch="true" condition-coverage="100% (2/2)">
							<conditions>
								<condition number="0" type="jump" coverage="100%"/>
							</conditions>
						</line>
						<line number="165" hits="1" branch="false"/>
						<line number="168" hits="1" branch="true" condition-coverage="50% (1/2)">
							<conditions>
								<condition number="0" type="jump" coverage="50%"/>
							</conditions>
						</line>
						<line number="169" hits="0" branch="false"/>
						<line number="170" hits="0" branch="false"/>
						<line number="175" hits="211" branch="false"/>
					</lines>
				</class>
				<class name="org.uimafit.component.initialize.ExternalResourceInitializer" filename="org/uimafit/component/initialize/ExternalResourceInitializer.java" line-rate="0.8111111111111111" branch-rate="0.8" complexity="5.555555555555555">
					<methods>
						<method name="&lt;clinit&gt;" signature="()V" line-rate="1.0" branch-rate="1.0">
							<lines>
								<line number="54" hits="1" branch="false"/>
								<line number="55" hits="1" branch="false"/>
							</lines>
						</method>
						<method name="&lt;init&gt;" signature="()V" line-rate="0.0" branch-rate="1.0">
							<lines>
								<line number="52" hits="0" branch="false"/>
							</lines>
						</method>
						<method name="configure" signature="(Lorg/apache/uima/UimaContext;Ljava/lang/Class;Ljava/lang/Class;Ljava/lang/Object;Ljava/util/Map;)V" line-rate="0.8148148148148148" branch-rate="0.7222222222222222">
							<lines>
								<line number="96" hits="1084" branch="true" condition-coverage="100% (2/2)">
									<conditions>
										<condition number="0" type="jump" coverage="100%"/>
									</conditions>
								</line>
								<line number="97" hits="892" branch="false"/>
								<line number="102" hits="192" branch="false"/>
								<line number="105" hits="2740" branch="true" condition-coverage="100% (2/2)">
									<conditions>
										<condition number="0" type="jump" coverage="100%"/>
									</conditions>
								</line>
								<line number="106" hits="1656" branch="true" condition-coverage="100% (2/2)">
									<conditions>
										<condition number="0" type="jump" coverage="100%"/>
									</conditions>
								</line>
								<line number="107" hits="1589" branch="false"/>
								<line number="111" hits="67" branch="false"/>
								<line number="112" hits="67" branch="true" condition-coverage="100% (2/2)">
									<conditions>
										<condition number="0" type="jump" coverage="100%"/>
									</conditions>
								</line>
								<line number="113" hits="11" branch="false"/>
								<line number="114" hits="11" branch="true" condition-coverage="50% (1/2)">
									<conditions>
										<condition number="0" type="jump" coverage="50%"/>
									</conditions>
								</line>
								<line number="115" hits="11" branch="false"/>
								<line number="122" hits="67" branch="false"/>
								<line number="124" hits="0" branch="false"/>
								<line number="125" hits="0" branch="false"/>
								<line number="126" hits="67" branch="false"/>
								<line number="127" hits="67" branch="true" condition-coverage="100% (2/2)">
									<conditions>
										<condition number="0" type="jump" coverage="100%"/>
									</conditions>
								</line>
								<line number="128" hits="3" branch="false"/>
								<line number="132" hits="67" branch="true" condition-coverage="25% (1/4)">
									<conditions>
										<condition number="0" type="jump" coverage="50%"/>
										<condition number="1" type="jump" coverage="0%"/>
									</conditions>
								</line>
								<line number="133" hits="0" branch="false"/>
								<line number="139" hits="67" branch="true" condition-coverage="50% (1/2)">
									<conditions>
										<condition number="0" type="jump" coverage="50%"/>
									</conditions>
								</line>
								<line number="140" hits="67" branch="false"/>
								<line number="142" hits="67" branch="false"/>
								<line number="144" hits="0" branch="false"/>
								<line number="145" hits="0" branch="false"/>
								<line number="146" hits="67" branch="false"/>
								<line number="147" hits="67" branch="false"/>
								<line number="150" hits="1084" branch="false"/>
							</lines>
						</method>
						<method name="getApi" signature="(Ljava/lang/reflect/Field;)Ljava/lang/Class;" line-rate="1.0" branch-rate="0.8333333333333334">
							<lines>
								<line number="299" hits="119" branch="false"/>
								<line number="300" hits="119" branch="false"/>
								<line number="302" hits="119" branch="true" condition-coverage="50% (1/2)">
									<conditions>
										<condition number="0" type="jump" coverage="50%"/>
									</conditions>
								</line>
								<line number="303" hits="119" branch="true" condition-coverage="100% (4/4)">
									<conditions>
										<condition number="0" type="jump" coverage="100%"/>
										<condition number="1" type="jump" coverage="100%"/>
									</conditions>
								</line>
								<line number="306" hits="105" branch="false"/>
								<line number="313" hits="14" branch="false"/>
								<line number="316" hits="119" branch="false"/>
							</lines>
						</method>
						<method name="getKey" signature="(Ljava/lang/reflect/Field;)Ljava/lang/String;" line-rate="1.0" branch-rate="1.0">
							<lines>
								<line number="281" hits="424" branch="false"/>
								<line number="282" hits="424" branch="false"/>
								<line number="283" hits="424" branch="true" condition-coverage="100% (2/2)">
									<conditions>
										<condition number="0" type="jump" coverage="100%"/>
									</conditions>
								</line>
								<line number="284" hits="48" branch="false"/>
								<line number="286" hits="424" branch="false"/>
							</lines>
						</method>
						<method name="getResourceDeclarations" signature="(Ljava/lang/Class;)Ljava/util/Map;" line-rate="1.0" branch-rate="1.0">
							<lines>
								<line number="232" hits="332" branch="false"/>
								<line number="233" hits="332" branch="false"/>
								<line number="234" hits="332" branch="false"/>
							</lines>
						</method>
						<method name="getResourceDeclarations" signature="(Ljava/lang/Class;Ljava/lang/Class;Ljava/util/Map;)V" line-rate="0.8888888888888888" branch-rate="0.9">
							<lines>
								<line number="240" hits="1927" branch="true" condition-coverage="100% (2/2)">
									<conditions>
										<condition number="0" type="jump" coverage="100%"/>
									</conditions>
								</line>
								<line number="241" hits="1595" branch="false"/>
								<line number="244" hits="4928" branch="true" condition-coverage="100% (2/2)">
									<conditions>
										<condition number="0" type="jump" coverage="100%"/>
									</conditions>
								</line>
								<line number="245" hits="3001" branch="true" condition-coverage="100% (2/2)">
									<conditions>
										<condition number="0" type="jump" coverage="100%"/>
									</conditions>
								</line>
								<line number="246" hits="2882" branch="false"/>
								<line number="249" hits="119" branch="true" condition-coverage="50% (1/2)">
									<conditions>
										<condition number="0" type="jump" coverage="50%"/>
									</conditions>
								</line>
								<line number="250" hits="0" branch="false"/>
								<line number="254" hits="119" branch="true" condition-coverage="100% (2/2)">
									<conditions>
										<condition number="0" type="jump" coverage="100%"/>
									</conditions>
								</line>
								<line number="259" hits="1927" branch="false"/>
							</lines>
						</method>
						<method name="getResources" signature="(Lorg/apache/uima/UimaContext;)Ljava/util/Collection;" line-rate="0.5" branch-rate="0.5">
							<lines>
								<line number="187" hits="192" branch="true" condition-coverage="50% (1/2)">
									<conditions>
										<condition number="0" type="jump" coverage="50%"/>
									</conditions>
								</line>
								<line number="188" hits="0" branch="false"/>
								<line number="191" hits="192" branch="false"/>
								<line number="192" hits="192" branch="true" condition-coverage="50% (1/2)">
									<conditions>
										<condition number="0" type="jump" coverage="50%"/>
									</conditions>
								</line>
								<line number="197" hits="0" branch="false"/>
								<line number="201" hits="192" branch="false"/>
								<line number="204" hits="192" branch="false"/>
								<line number="205" hits="192" branch="false"/>
								<line number="207" hits="192" branch="false"/>
								<line number="209" hits="192" branch="false"/>
								<line number="211" hits="0" branch="false"/>
								<line number="212" hits="0" branch="false"/>
								<line number="214" hits="0" branch="false"/>
								<line number="215" hits="0" branch="false"/>
								<line number="217" hits="0" branch="false"/>
								<line number="218" hits="0" branch="false"/>
								<line number="220" hits="0" branch="false"/>
								<line number="221" hits="0" branch="false"/>
								<line number="224" hits="192" branch="true" condition-coverage="50% (1/2)">
									<conditions>
										<condition number="0" type="jump" coverage="50%"/>
									</conditions>
								</line>
								<line number="225" hits="192" branch="false"/>
							</lines>
						</method>
						<method name="initialize" signature="(Lorg/apache/uima/UimaContext;Ljava/lang/Object;)V" line-rate="1.0" branch-rate="1.0">
							<lines>
								<line number="71" hits="192" branch="false"/>
								<line number="73" hits="192" branch="false"/>
							</lines>
						</method>
						<method name="initializeNestedResources" signature="(Lorg/apache/uima/UimaContext;)V" line-rate="1.0" branch-rate="1.0">
							<lines>
								<line number="159" hits="192" branch="false"/>
								<line number="164" hits="192" branch="true" condition-coverage="100% (2/2)">
									<conditions>
										<condition number="0" type="jump" coverage="100%"/>
									</conditions>
								</line>
								<line number="165" hits="296" branch="false"/>
								<line number="166" hits="296" branch="true" condition-coverage="100% (4/4)">
									<conditions>
										<condition number="0" type="jump" coverage="100%"/>
										<condition number="1" type="jump" coverage="100%"/>
									</conditions>
								</line>
								<line number="169" hits="39" branch="false"/>
								<line number="170" hits="39" branch="false"/>
								<line number="171" hits="39" branch="false"/>
								<line number="173" hits="296" branch="false"/>
								<line number="174" hits="296" branch="false"/>
								<line number="177" hits="192" branch="true" condition-coverage="100% (2/2)">
									<conditions>
										<condition number="0" type="jump" coverage="100%"/>
									</conditions>
								</line>
								<line number="178" hits="39" branch="false"/>
								<line number="179" hits="39" branch="false"/>
								<line number="180" hits="192" branch="false"/>
							</lines>
						</method>
						<method name="isMandatory" signature="(Ljava/lang/reflect/Field;)Z" line-rate="1.0" branch-rate="1.0">
							<lines>
								<line number="269" hits="119" branch="false"/>
							</lines>
						</method>
					</methods>
					<lines>
						<line number="52" hits="0" branch="false"/>
						<line number="54" hits="1" branch="false"/>
						<line number="55" hits="1" branch="false"/>
						<line number="71" hits="192" branch="false"/>
						<line number="73" hits="192" branch="false"/>
						<line number="96" hits="1084" branch="true" condition-coverage="100% (2/2)">
							<conditions>
								<condition number="0" type="jump" coverage="100%"/>
							</conditions>
						</line>
						<line number="97" hits="892" branch="false"/>
						<line number="102" hits="192" branch="false"/>
						<line number="105" hits="2740" branch="true" condition-coverage="100% (2/2)">
							<conditions>
								<condition number="0" type="jump" coverage="100%"/>
							</conditions>
						</line>
						<line number="106" hits="1656" branch="true" condition-coverage="100% (2/2)">
							<conditions>
								<condition number="0" type="jump" coverage="100%"/>
							</conditions>
						</line>
						<line number="107" hits="1589" branch="false"/>
						<line number="111" hits="67" branch="false"/>
						<line number="112" hits="67" branch="true" condition-coverage="100% (2/2)">
							<conditions>
								<condition number="0" type="jump" coverage="100%"/>
							</conditions>
						</line>
						<line number="113" hits="11" branch="false"/>
						<line number="114" hits="11" branch="true" condition-coverage="50% (1/2)">
							<conditions>
								<condition number="0" type="jump" coverage="50%"/>
							</conditions>
						</line>
						<line number="115" hits="11" branch="false"/>
						<line number="122" hits="67" branch="false"/>
						<line number="124" hits="0" branch="false"/>
						<line number="125" hits="0" branch="false"/>
						<line number="126" hits="67" branch="false"/>
						<line number="127" hits="67" branch="true" condition-coverage="100% (2/2)">
							<conditions>
								<condition number="0" type="jump" coverage="100%"/>
							</conditions>
						</line>
						<line number="128" hits="3" branch="false"/>
						<line number="132" hits="67" branch="true" condition-coverage="25% (1/4)">
							<conditions>
								<condition number="0" type="jump" coverage="50%"/>
								<condition number="1" type="jump" coverage="0%"/>
							</conditions>
						</line>
						<line number="133" hits="0" branch="false"/>
						<line number="139" hits="67" branch="true" condition-coverage="50% (1/2)">
							<conditions>
								<condition number="0" type="jump" coverage="50%"/>
							</conditions>
						</line>
						<line number="140" hits="67" branch="false"/>
						<line number="142" hits="67" branch="false"/>
						<line number="144" hits="0" branch="false"/>
						<line number="145" hits="0" branch="false"/>
						<line number="146" hits="67" branch="false"/>
						<line number="147" hits="67" branch="false"/>
						<line number="150" hits="1084" branch="false"/>
						<line number="159" hits="192" branch="false"/>
						<line number="164" hits="192" branch="true" condition-coverage="100% (2/2)">
							<conditions>
								<condition number="0" type="jump" coverage="100%"/>
							</conditions>
						</line>
						<line number="165" hits="296" branch="false"/>
						<line number="166" hits="296" branch="true" condition-coverage="100% (4/4)">
							<conditions>
								<condition number="0" type="jump" coverage="100%"/>
								<condition number="1" type="jump" coverage="100%"/>
							</conditions>
						</line>
						<line number="169" hits="39" branch="false"/>
						<line number="170" hits="39" branch="false"/>
						<line number="171" hits="39" branch="false"/>
						<line number="173" hits="296" branch="false"/>
						<line number="174" hits="296" branch="false"/>
						<line number="177" hits="192" branch="true" condition-coverage="100% (2/2)">
							<conditions>
								<condition number="0" type="jump" coverage="100%"/>
							</conditions>
						</line>
						<line number="178" hits="39" branch="false"/>
						<line number="179" hits="39" branch="false"/>
						<line number="180" hits="192" branch="false"/>
						<line number="187" hits="192" branch="true" condition-coverage="50% (1/2)">
							<conditions>
								<condition number="0" type="jump" coverage="50%"/>
							</conditions>
						</line>
						<line number="188" hits="0" branch="false"/>
						<line number="191" hits="192" branch="false"/>
						<line number="192" hits="192" branch="true" condition-coverage="50% (1/2)">
							<conditions>
								<condition number="0" type="jump" coverage="50%"/>
							</conditions>
						</line>
						<line number="197" hits="0" branch="false"/>
						<line number="201" hits="192" branch="false"/>
						<line number="204" hits="192" branch="false"/>
						<line number="205" hits="192" branch="false"/>
						<line number="207" hits="192" branch="false"/>
						<line number="209" hits="192" branch="false"/>
						<line number="211" hits="0" branch="false"/>
						<line number="212" hits="0" branch="false"/>
						<line number="214" hits="0" branch="false"/>
						<line number="215" hits="0" branch="false"/>
						<line number="217" hits="0" branch="false"/>
						<line number="218" hits="0" branch="false"/>
						<line number="220" hits="0" branch="false"/>
						<line number="221" hits="0" branch="false"/>
						<line number="224" hits="192" branch="true" condition-coverage="50% (1/2)">
							<conditions>
								<condition number="0" type="jump" coverage="50%"/>
							</conditions>
						</line>
						<line number="225" hits="192" branch="false"/>
						<line number="232" hits="332" branch="false"/>
						<line number="233" hits="332" branch="false"/>
						<line number="234" hits="332" branch="false"/>
						<line number="240" hits="1927" branch="true" condition-coverage="100% (2/2)">
							<conditions>
								<condition number="0" type="jump" coverage="100%"/>
							</conditions>
						</line>
						<line number="241" hits="1595" branch="false"/>
						<line number="244" hits="4928" branch="true" condition-coverage="100% (2/2)">
							<conditions>
								<condition number="0" type="jump" coverage="100%"/>
							</conditions>
						</line>
						<line number="245" hits="3001" branch="true" condition-coverage="100% (2/2)">
							<conditions>
								<condition number="0" type="jump" coverage="100%"/>
							</conditions>
						</line>
						<line number="246" hits="2882" branch="false"/>
						<line number="249" hits="119" branch="true" condition-coverage="50% (1/2)">
							<conditions>
								<condition number="0" type="jump" coverage="50%"/>
							</conditions>
						</line>
						<line number="250" hits="0" branch="false"/>
						<line number="254" hits="119" branch="true" condition-coverage="100% (2/2)">
							<conditions>
								<condition number="0" type="jump" coverage="100%"/>
							</conditions>
						</line>
						<line number="259" hits="1927" branch="false"/>
						<line number="269" hits="119" branch="false"/>
						<line number="281" hits="424" branch="false"/>
						<line number="282" hits="424" branch="false"/>
						<line number="283" hits="424" branch="true" condition-coverage="100% (2/2)">
							<conditions>
								<condition number="0" type="jump" coverage="100%"/>
							</conditions>
						</line>
						<line number="284" hits="48" branch="false"/>
						<line number="286" hits="424" branch="false"/>
						<line number="299" hits="119" branch="false"/>
						<line number="300" hits="119" branch="false"/>
						<line number="302" hits="119" branch="true" condition-coverage="50% (1/2)">
							<conditions>
								<condition number="0" type="jump" coverage="50%"/>
							</conditions>
						</line>
						<line number="303" hits="119" branch="true" condition-coverage="100% (4/4)">
							<conditions>
								<condition number="0" type="jump" coverage="100%"/>
								<condition number="1" type="jump" coverage="100%"/>
							</conditions>
						</line>
						<line number="306" hits="105" branch="false"/>
						<line number="313" hits="14" branch="false"/>
						<line number="316" hits="119" branch="false"/>
					</lines>
				</class>
			</classes>
		</package>
		<package name="org.uimafit.component.xwriter" line-rate="0.7784431137724551" branch-rate="0.6724137931034483" complexity="3.1052631578947367">
			<classes>
				<class name="org.uimafit.component.xwriter.CASDumpWriter" filename="org/uimafit/component/xwriter/CASDumpWriter.java" line-rate="0.7168141592920354" branch-rate="0.6521739130434783" complexity="3.4166666666666665">
					<methods>
						<method name="&lt;init&gt;" signature="()V" line-rate="1.0" branch-rate="1.0">
							<lines>
								<line number="53" hits="2" branch="false"/>
								<line number="294" hits="2" branch="false"/>
							</lines>
						</method>
						<method name="collectionProcessComplete" signature="()V" line-rate="0.0" branch-rate="1.0">
							<lines>
								<line number="152" hits="0" branch="false"/>
								<line number="153" hits="0" branch="false"/>
								<line number="154" hits="0" branch="false"/>
							</lines>
						</method>
						<method name="compilePatterns" signature="([Ljava/lang/String;)[Lorg/uimafit/component/xwriter/CASDumpWriter$InExPattern;" line-rate="0.875" branch-rate="0.8333333333333334">
							<lines>
								<line number="252" hits="4" branch="false"/>
								<line number="253" hits="14" branch="true" condition-coverage="100% (2/2)">
									<conditions>
										<condition number="0" type="jump" coverage="100%"/>
									</conditions>
								</line>
								<line number="254" hits="10" branch="true" condition-coverage="100% (2/2)">
									<conditions>
										<condition number="0" type="jump" coverage="100%"/>
									</conditions>
								</line>
								<line number="255" hits="4" branch="false"/>
								<line number="257" hits="6" branch="true" condition-coverage="50% (1/2)">
									<conditions>
										<condition number="0" type="jump" coverage="50%"/>
									</conditions>
								</line>
								<line number="258" hits="6" branch="false"/>
								<line number="262" hits="0" branch="false"/>
								<line number="265" hits="4" branch="false"/>
							</lines>
						</method>
						<method name="getTypes" signature="(Lorg/apache/uima/cas/CAS;)Ljava/util/Set;" line-rate="0.8" branch-rate="0.7">
							<lines>
								<line number="269" hits="2" branch="false"/>
								<line number="270" hits="2" branch="false"/>
								<line number="271" hits="80" branch="true" condition-coverage="100% (2/2)">
									<conditions>
										<condition number="0" type="jump" coverage="100%"/>
									</conditions>
								</line>
								<line number="272" hits="78" branch="false"/>
								<line number="274" hits="78" branch="true" condition-coverage="100% (2/2)">
									<conditions>
										<condition number="0" type="jump" coverage="100%"/>
									</conditions>
								</line>
								<line number="275" hits="2" branch="false"/>
								<line number="278" hits="76" branch="true" condition-coverage="50% (1/2)">
									<conditions>
										<condition number="0" type="jump" coverage="50%"/>
									</conditions>
								</line>
								<line number="279" hits="76" branch="false"/>
								<line number="280" hits="76" branch="true" condition-coverage="50% (1/2)">
									<conditions>
										<condition number="0" type="jump" coverage="50%"/>
									</conditions>
								</line>
								<line number="281" hits="76" branch="true" condition-coverage="50% (1/2)">
									<conditions>
										<condition number="0" type="jump" coverage="50%"/>
									</conditions>
								</line>
								<line number="282" hits="76" branch="false"/>
								<line number="285" hits="0" branch="false"/>
								<line number="287" hits="0" branch="false"/>
								<line number="290" hits="0" branch="false"/>
								<line number="291" hits="2" branch="false"/>
							</lines>
						</method>
						<method name="initialize" signature="(Lorg/apache/uima/UimaContext;)V" line-rate="0.7692307692307693" branch-rate="0.5">
							<lines>
								<line number="103" hits="2" branch="false"/>
								<line number="106" hits="2" branch="true" condition-coverage="50% (1/2)">
									<conditions>
										<condition number="0" type="jump" coverage="50%"/>
									</conditions>
								</line>
								<line number="107" hits="2" branch="true" condition-coverage="50% (1/2)">
									<conditions>
										<condition number="0" type="jump" coverage="50%"/>
									</conditions>
								</line>
								<line number="108" hits="0" branch="false"/>
								<line number="111" hits="2" branch="true" condition-coverage="50% (1/2)">
									<conditions>
										<condition number="0" type="jump" coverage="50%"/>
									</conditions>
								</line>
								<line number="112" hits="2" branch="false"/>
								<line number="114" hits="2" branch="false"/>
								<line number="119" hits="0" branch="false"/>
								<line number="120" hits="0" branch="false"/>
								<line number="121" hits="2" branch="false"/>
								<line number="123" hits="2" branch="false"/>
								<line number="124" hits="2" branch="false"/>
								<line number="125" hits="2" branch="false"/>
							</lines>
						</method>
						<method name="process" signature="(Lorg/apache/uima/cas/CAS;)V" line-rate="0.9333333333333333" branch-rate="0.5">
							<lines>
								<line number="129" hits="2" branch="false"/>
								<line number="130" hits="2" branch="false"/>
								<line number="132" hits="2" branch="false"/>
								<line number="133" hits="4" branch="true" condition-coverage="100% (2/2)">
									<conditions>
										<condition number="0" type="jump" coverage="100%"/>
									</conditions>
								</line>
								<line number="134" hits="2" branch="false"/>
								<line number="135" hits="2" branch="false"/>
								<line number="137" hits="2" branch="true" condition-coverage="25% (1/4)">
									<conditions>
										<condition number="0" type="jump" coverage="50%"/>
										<condition number="1" type="jump" coverage="0%"/>
									</conditions>
								</line>
								<line number="138" hits="0" branch="false"/>
								<line number="140" hits="2" branch="false"/>
								<line number="142" hits="2" branch="false"/>
								<line number="143" hits="2" branch="false"/>
								<line number="144" hits="2" branch="false"/>
								<line number="145" hits="2" branch="false"/>
								<line number="147" hits="2" branch="false"/>
								<line number="148" hits="2" branch="false"/>
							</lines>
						</method>
						<method name="processDocumentMetadata" signature="(Lorg/apache/uima/cas/CAS;)V" line-rate="0.75" branch-rate="0.5">
							<lines>
								<line number="157" hits="2" branch="true" condition-coverage="50% (1/2)">
									<conditions>
										<condition number="0" type="jump" coverage="50%"/>
									</conditions>
								</line>
								<line number="158" hits="0" branch="false"/>
								<line number="161" hits="2" branch="false"/>
								<line number="162" hits="2" branch="false"/>
							</lines>
						</method>
						<method name="processDocumentText" signature="(Lorg/apache/uima/cas/CAS;)V" line-rate="1.0" branch-rate="1.0">
							<lines>
								<line number="165" hits="2" branch="false"/>
								<line number="166" hits="2" branch="false"/>
								<line number="167" hits="2" branch="false"/>
								<line number="168" hits="2" branch="false"/>
							</lines>
						</method>
						<method name="processFeatureStructure" signature="(Lorg/apache/uima/cas/FeatureStructure;)V" line-rate="1.0" branch-rate="0.875">
							<lines>
								<line number="189" hits="21" branch="false"/>
								<line number="190" hits="139" branch="true" condition-coverage="100% (2/2)">
									<conditions>
										<condition number="0" type="jump" coverage="100%"/>
									</conditions>
								</line>
								<line number="191" hits="118" branch="false"/>
								<line number="192" hits="590" branch="true" condition-coverage="100% (2/2)">
									<conditions>
										<condition number="0" type="jump" coverage="100%"/>
									</conditions>
								</line>
								<line number="193" hits="472" branch="false"/>
								<line number="194" hits="472" branch="true" condition-coverage="100% (2/2)">
									<conditions>
										<condition number="0" type="jump" coverage="100%"/>
									</conditions>
								</line>
								<line number="195" hits="118" branch="false"/>
								<line number="198" hits="118" branch="true" condition-coverage="50% (1/2)">
									<conditions>
										<condition number="0" type="jump" coverage="50%"/>
									</conditions>
								</line>
								<line number="199" hits="118" branch="false"/>
								<line number="202" hits="21" branch="false"/>
							</lines>
						</method>
						<method name="processFeatureStructures" signature="(Lorg/apache/uima/cas/CAS;)V" line-rate="0.8461538461538461" branch-rate="1.0">
							<lines>
								<line number="171" hits="2" branch="false"/>
								<line number="172" hits="2" branch="false"/>
								<line number="173" hits="23" branch="true" condition-coverage="100% (2/2)">
									<conditions>
										<condition number="0" type="jump" coverage="100%"/>
									</conditions>
								</line>
								<line number="174" hits="21" branch="false"/>
								<line number="175" hits="21" branch="true" condition-coverage="100% (2/2)">
									<conditions>
										<condition number="0" type="jump" coverage="100%"/>
									</conditions>
								</line>
								<line number="176" hits="2" branch="false"/>
								<line number="179" hits="19" branch="false"/>
								<line number="181" hits="0" branch="false"/>
								<line number="182" hits="0" branch="false"/>
								<line number="183" hits="19" branch="false"/>
								<line number="184" hits="19" branch="false"/>
								<line number="185" hits="19" branch="false"/>
								<line number="186" hits="2" branch="false"/>
							</lines>
						</method>
						<method name="processSofaData" signature="(Lorg/apache/uima/cas/CAS;)V" line-rate="0.0" branch-rate="0.0">
							<lines>
								<line number="219" hits="0" branch="false"/>
								<line number="224" hits="0" branch="false"/>
								<line number="225" hits="0" branch="true" condition-coverage="0% (0/2)">
									<conditions>
										<condition number="0" type="jump" coverage="0%"/>
									</conditions>
								</line>
								<line number="226" hits="0" branch="false"/>
								<line number="229" hits="0" branch="false"/>
								<line number="230" hits="0" branch="false"/>
								<line number="232" hits="0" branch="false"/>
								<line number="233" hits="0" branch="false"/>
								<line number="234" hits="0" branch="false"/>
								<line number="235" hits="0" branch="false"/>
								<line number="238" hits="0" branch="false"/>
								<line number="239" hits="0" branch="false"/>
								<line number="240" hits="0" branch="true" condition-coverage="0% (0/2)">
									<conditions>
										<condition number="0" type="jump" coverage="0%"/>
									</conditions>
								</line>
								<line number="242" hits="0" branch="false"/>
								<line number="244" hits="0" branch="false"/>
								<line number="245" hits="0" branch="false"/>
								<line number="248" hits="0" branch="false"/>
								<line number="249" hits="0" branch="false"/>
							</lines>
						</method>
						<method name="processView" signature="(Lorg/apache/uima/cas/CAS;)V" line-rate="1.0" branch-rate="1.0">
							<lines>
								<line number="205" hits="2" branch="false"/>
								<line number="207" hits="2" branch="false"/>
								<line number="209" hits="2" branch="false"/>
								<line number="210" hits="2" branch="false"/>
								<line number="211" hits="2" branch="false"/>
								<line number="213" hits="2" branch="false"/>
								<line number="215" hits="2" branch="false"/>
								<line number="216" hits="2" branch="false"/>
							</lines>
						</method>
					</methods>
					<lines>
						<line number="53" hits="2" branch="false"/>
						<line number="103" hits="2" branch="false"/>
						<line number="106" hits="2" branch="true" condition-coverage="50% (1/2)">
							<conditions>
								<condition number="0" type="jump" coverage="50%"/>
							</conditions>
						</line>
						<line number="107" hits="2" branch="true" condition-coverage="50% (1/2)">
							<conditions>
								<condition number="0" type="jump" coverage="50%"/>
							</conditions>
						</line>
						<line number="108" hits="0" branch="false"/>
						<line number="111" hits="2" branch="true" condition-coverage="50% (1/2)">
							<conditions>
								<condition number="0" type="jump" coverage="50%"/>
							</conditions>
						</line>
						<line number="112" hits="2" branch="false"/>
						<line number="114" hits="2" branch="false"/>
						<line number="119" hits="0" branch="false"/>
						<line number="120" hits="0" branch="false"/>
						<line number="121" hits="2" branch="false"/>
						<line number="123" hits="2" branch="false"/>
						<line number="124" hits="2" branch="false"/>
						<line number="125" hits="2" branch="false"/>
						<line number="129" hits="2" branch="false"/>
						<line number="130" hits="2" branch="false"/>
						<line number="132" hits="2" branch="false"/>
						<line number="133" hits="4" branch="true" condition-coverage="100% (2/2)">
							<conditions>
								<condition number="0" type="jump" coverage="100%"/>
							</conditions>
						</line>
						<line number="134" hits="2" branch="false"/>
						<line number="135" hits="2" branch="false"/>
						<line number="137" hits="2" branch="true" condition-coverage="25% (1/4)">
							<conditions>
								<condition number="0" type="jump" coverage="50%"/>
								<condition number="1" type="jump" coverage="0%"/>
							</conditions>
						</line>
						<line number="138" hits="0" branch="false"/>
						<line number="140" hits="2" branch="false"/>
						<line number="142" hits="2" branch="false"/>
						<line number="143" hits="2" branch="false"/>
						<line number="144" hits="2" branch="false"/>
						<line number="145" hits="2" branch="false"/>
						<line number="147" hits="2" branch="false"/>
						<line number="148" hits="2" branch="false"/>
						<line number="152" hits="0" branch="false"/>
						<line number="153" hits="0" branch="false"/>
						<line number="154" hits="0" branch="false"/>
						<line number="157" hits="2" branch="true" condition-coverage="50% (1/2)">
							<conditions>
								<condition number="0" type="jump" coverage="50%"/>
							</conditions>
						</line>
						<line number="158" hits="0" branch="false"/>
						<line number="161" hits="2" branch="false"/>
						<line number="162" hits="2" branch="false"/>
						<line number="165" hits="2" branch="false"/>
						<line number="166" hits="2" branch="false"/>
						<line number="167" hits="2" branch="false"/>
						<line number="168" hits="2" branch="false"/>
						<line number="171" hits="2" branch="false"/>
						<line number="172" hits="2" branch="false"/>
						<line number="173" hits="23" branch="true" condition-coverage="100% (2/2)">
							<conditions>
								<condition number="0" type="jump" coverage="100%"/>
							</conditions>
						</line>
						<line number="174" hits="21" branch="false"/>
						<line number="175" hits="21" branch="true" condition-coverage="100% (2/2)">
							<conditions>
								<condition number="0" type="jump" coverage="100%"/>
							</conditions>
						</line>
						<line number="176" hits="2" branch="false"/>
						<line number="179" hits="19" branch="false"/>
						<line number="181" hits="0" branch="false"/>
						<line number="182" hits="0" branch="false"/>
						<line number="183" hits="19" branch="false"/>
						<line number="184" hits="19" branch="false"/>
						<line number="185" hits="19" branch="false"/>
[...]
							</conditions>
						</line>
						<line number="639" hits="2" branch="false"/>
						<line number="640" hits="2" branch="true" condition-coverage="100% (2/2)">
							<conditions>
								<condition number="0" type="jump" coverage="100%"/>
							</conditions>
						</line>
						<line number="642" hits="0" branch="false"/>
						<line number="643" hits="0" branch="false"/>
						<line number="663" hits="2" branch="false"/>
						<line number="664" hits="1" branch="true" condition-coverage="50% (1/2)">
							<conditions>
								<condition number="0" type="jump" coverage="50%"/>
							</conditions>
						</line>
						<line number="666" hits="0" branch="false"/>
						<line number="667" hits="0" branch="false"/>
						<line number="681" hits="21" branch="false"/>
						<line number="686" hits="49" branch="false"/>
						<line number="691" hits="3504" branch="false"/>
						<line number="696" hits="1652" branch="false"/>
					</lines>
				</class>
				<class name="org.uimafit.util.JCasUtil$1" filename="org/uimafit/util/JCasUtil.java" line-rate="0.0" branch-rate="1.0" complexity="1.25">
					<methods>
						<method name="&lt;init&gt;" signature="(Lorg/apache/uima/cas/text/AnnotationFS;Ljava/lang/Class;ZZ)V" line-rate="0.0" branch-rate="1.0">
							<lines>
								<line number="128" hits="0" branch="false"/>
							</lines>
						</method>
						<method name="iterator" signature="()Ljava/util/Iterator;" line-rate="0.0" branch-rate="1.0">
							<lines>
								<line number="130" hits="0" branch="false"/>
							</lines>
						</method>
					</methods>
					<lines>
						<line number="128" hits="0" branch="false"/>
						<line number="130" hits="0" branch="false"/>
					</lines>
				</class>
				<class name="org.uimafit.util.LocaleUtil" filename="org/uimafit/util/LocaleUtil.java" line-rate="0.7368421052631579" branch-rate="0.7" complexity="4.5">
					<methods>
						<method name="&lt;init&gt;" signature="()V" line-rate="0.0" branch-rate="1.0">
							<lines>
								<line number="27" hits="0" branch="false"/>
								<line number="29" hits="0" branch="false"/>
							</lines>
						</method>
						<method name="createLocale" signature="(Ljava/lang/String;)Ljava/util/Locale;" line-rate="0.8333333333333334" branch-rate="0.75">
							<lines>
								<line number="62" hits="23" branch="false"/>
								<line number="63" hits="23" branch="true" condition-coverage="75% (3/4)">
									<conditions>
										<condition number="0" type="switch" coverage="75%"/>
									</conditions>
								</line>
								<line number="65" hits="9" branch="false"/>
								<line number="67" hits="8" branch="false"/>
								<line number="69" hits="6" branch="false"/>
								<line number="71" hits="0" branch="false"/>
							</lines>
						</method>
						<method name="getLocale" signature="(Ljava/lang/String;)Ljava/util/Locale;" line-rate="1.0" branch-rate="1.0">
							<lines>
								<line number="80" hits="16" branch="false"/>
								<line number="81" hits="16" branch="true" condition-coverage="100% (2/2)">
									<conditions>
										<condition number="0" type="jump" coverage="100%"/>
									</conditions>
								</line>
								<line number="82" hits="6" branch="false"/>
								<line number="84" hits="10" branch="false"/>
							</lines>
						</method>
						<method name="getLocaleConstant" signature="(Ljava/lang/String;)Ljava/util/Locale;" line-rate="0.7142857142857143" branch-rate="0.5">
							<lines>
								<line number="43" hits="22" branch="false"/>
								<line number="44" hits="9" branch="true" condition-coverage="50% (2/4)">
									<conditions>
										<condition number="0" type="jump" coverage="50%"/>
										<condition number="1" type="jump" coverage="50%"/>
									</conditions>
								</line>
								<line number="45" hits="9" branch="false"/>
								<line number="48" hits="13" branch="false"/>
								<line number="49" hits="13" branch="false"/>
								<line number="50" hits="0" branch="false"/>
								<line number="51" hits="0" branch="false"/>
							</lines>
						</method>
					</methods>
					<lines>
						<line number="27" hits="0" branch="false"/>
						<line number="29" hits="0" branch="false"/>
						<line number="43" hits="22" branch="false"/>
						<line number="44" hits="9" branch="true" condition-coverage="50% (2/4)">
							<conditions>
								<condition number="0" type="jump" coverage="50%"/>
								<condition number="1" type="jump" coverage="50%"/>
							</conditions>
						</line>
						<line number="45" hits="9" branch="false"/>
						<line number="48" hits="13" branch="false"/>
						<line number="49" hits="13" branch="false"/>
						<line number="50" hits="0" branch="false"/>
						<line number="51" hits="0" branch="false"/>
						<line number="62" hits="23" branch="false"/>
						<line number="63" hits="23" branch="true" condition-coverage="75% (3/4)">
							<conditions>
								<condition number="0" type="switch" coverage="75%"/>
							</conditions>
						</line>
						<line number="65" hits="9" branch="false"/>
						<line number="67" hits="8" branch="false"/>
						<line number="69" hits="6" branch="false"/>
						<line number="71" hits="0" branch="false"/>
						<line number="80" hits="16" branch="false"/>
						<line number="81" hits="16" branch="true" condition-coverage="100% (2/2)">
							<conditions>
								<condition number="0" type="jump" coverage="100%"/>
							</conditions>
						</line>
						<line number="82" hits="6" branch="false"/>
						<line number="84" hits="10" branch="false"/>
					</lines>
				</class>
				<class name="org.uimafit.util.ReflectionUtil" filename="org/uimafit/util/ReflectionUtil.java" line-rate="0.8636363636363636" branch-rate="0.875" complexity="2.5">
					<methods>
						<method name="&lt;init&gt;" signature="()V" line-rate="0.0" branch-rate="1.0">
							<lines>
								<line number="32" hits="0" branch="false"/>
								<line number="34" hits="0" branch="false"/>
							</lines>
						</method>
						<method name="getField" signature="(Ljava/lang/Class;Ljava/lang/String;)Ljava/lang/reflect/Field;" line-rate="0.8" branch-rate="0.5">
							<lines>
								<line number="88" hits="204" branch="false"/>
								<line number="90" hits="12" branch="false"/>
								<line number="91" hits="12" branch="true" condition-coverage="50% (1/2)">
									<conditions>
										<condition number="0" type="jump" coverage="50%"/>
									</conditions>
								</line>
								<line number="92" hits="0" branch="false"/>
								<line number="95" hits="12" branch="false"/>
							</lines>
						</method>
						<method name="getField" signature="(Ljava/lang/Object;Ljava/lang/String;)Ljava/lang/reflect/Field;" line-rate="1.0" branch-rate="1.0">
							<lines>
								<line number="75" hits="192" branch="false"/>
							</lines>
						</method>
						<method name="getFields" signature="(Ljava/lang/Class;)Ljava/util/List;" line-rate="1.0" branch-rate="1.0">
							<lines>
								<line number="55" hits="359" branch="false"/>
								<line number="56" hits="359" branch="false"/>
								<line number="57" hits="1986" branch="true" condition-coverage="100% (2/2)">
									<conditions>
										<condition number="0" type="jump" coverage="100%"/>
									</conditions>
								</line>
								<line number="58" hits="1627" branch="false"/>
								<line number="59" hits="1627" branch="false"/>
								<line number="60" hits="1627" branch="false"/>
								<line number="61" hits="1627" branch="false"/>
								<line number="62" hits="359" branch="false"/>
							</lines>
						</method>
						<method name="getFields" signature="(Ljava/lang/Object;)Ljava/util/List;" line-rate="1.0" branch-rate="1.0">
							<lines>
								<line number="44" hits="211" branch="false"/>
							</lines>
						</method>
						<method name="getInheritableAnnotation" signature="(Ljava/lang/Class;Ljava/lang/Class;)Ljava/lang/annotation/Annotation;" line-rate="1.0" branch-rate="1.0">
							<lines>
								<line number="113" hits="2310" branch="true" condition-coverage="100% (2/2)">
									<conditions>
										<condition number="0" type="jump" coverage="100%"/>
									</conditions>
								</line>
								<line number="114" hits="19" branch="false"/>
								<line number="117" hits="2291" branch="true" condition-coverage="100% (2/2)">
									<conditions>
										<condition number="0" type="jump" coverage="100%"/>
									</conditions>
								</line>
								<line number="118" hits="1914" branch="false"/>
								<line number="121" hits="377" branch="false"/>
							</lines>
						</method>
					</methods>
					<lines>
						<line number="32" hits="0" branch="false"/>
						<line number="34" hits="0" branch="false"/>
						<line number="44" hits="211" branch="false"/>
						<line number="55" hits="359" branch="false"/>
						<line number="56" hits="359" branch="false"/>
						<line number="57" hits="1986" branch="true" condition-coverage="100% (2/2)">
							<conditions>
								<condition number="0" type="jump" coverage="100%"/>
							</conditions>
						</line>
						<line number="58" hits="1627" branch="false"/>
						<line number="59" hits="1627" branch="false"/>
						<line number="60" hits="1627" branch="false"/>
						<line number="61" hits="1627" branch="false"/>
						<line number="62" hits="359" branch="false"/>
						<line number="75" hits="192" branch="false"/>
						<line number="88" hits="204" branch="false"/>
						<line number="90" hits="12" branch="false"/>
						<line number="91" hits="12" branch="true" condition-coverage="50% (1/2)">
							<conditions>
								<condition number="0" type="jump" coverage="50%"/>
							</conditions>
						</line>
						<line number="92" hits="0" branch="false"/>
						<line number="95" hits="12" branch="false"/>
						<line number="113" hits="2310" branch="true" condition-coverage="100% (2/2)">
							<conditions>
								<condition number="0" type="jump" coverage="100%"/>
							</conditions>
						</line>
						<line number="114" hits="19" branch="false"/>
						<line number="117" hits="2291" branch="true" condition-coverage="100% (2/2)">
							<conditions>
								<condition number="0" type="jump" coverage="100%"/>
							</conditions>
						</line>
						<line number="118" hits="1914" branch="false"/>
						<line number="121" hits="377" branch="false"/>
					</lines>
				</class>
				<class name="org.uimafit.util.SimpleNamedResourceManager" filename="org/uimafit/util/SimpleNamedResourceManager.java" line-rate="0.5882352941176471" branch-rate="0.5" complexity="4.0">
					<methods>
						<method name="&lt;init&gt;" signature="()V" line-rate="1.0" branch-rate="1.0">
							<lines>
								<line number="89" hits="2" branch="false"/>
								<line number="92" hits="2" branch="false"/>
							</lines>
						</method>
						<method name="getFieldValue" signature="(Ljava/lang/Object;Ljava/lang/String;)Ljava/lang/Object;" line-rate="0.0" branch-rate="0.0">
							<lines>
								<line number="209" hits="0" branch="false"/>
								<line number="211" hits="0" branch="false"/>
								<line number="212" hits="0" branch="false"/>
								<line number="213" hits="0" branch="false"/>
								<line number="215" hits="0" branch="false"/>
								<line number="216" hits="0" branch="false"/>
								<line number="219" hits="0" branch="true" condition-coverage="0% (0/2)">
									<conditions>
										<condition number="0" type="jump" coverage="0%"/>
									</conditions>
								</line>
								<line number="220" hits="0" branch="false"/>
							</lines>
						</method>
						<method name="initializeExternalResources" signature="(Lorg/apache/uima/resource/metadata/ResourceManagerConfiguration;Ljava/lang/String;Ljava/util/Map;)V" line-rate="0.5" branch-rate="0.5">
							<lines>
								<line number="100" hits="2" branch="true" condition-coverage="100% (2/2)">
									<conditions>
										<condition number="0" type="jump" coverage="100%"/>
									</conditions>
								</line>
								<line number="101" hits="4" branch="false"/>
								<line number="103" hits="4" branch="true" condition-coverage="50% (1/2)">
									<conditions>
										<condition number="0" type="jump" coverage="50%"/>
									</conditions>
								</line>
								<line number="107" hits="4" branch="false"/>
								<line number="112" hits="4" branch="false"/>
								<line number="115" hits="4" branch="true" condition-coverage="100% (2/2)">
									<conditions>
										<condition number="0" type="jump" coverage="100%"/>
									</conditions>
								</line>
								<line number="116" hits="2" branch="false"/>
								<line number="119" hits="0" branch="false"/>
								<line number="120" hits="0" branch="false"/>
								<line number="121" hits="4" branch="false"/>
								<line number="125" hits="0" branch="false"/>
								<line number="127" hits="0" branch="true" condition-coverage="0% (0/2)">
									<conditions>
										<condition number="0" type="jump" coverage="0%"/>
									</conditions>
								</line>
								<line number="128" hits="0" branch="false"/>
								<line number="130" hits="0" branch="true" condition-coverage="0% (0/2)">
									<conditions>
										<condition number="0" type="jump" coverage="0%"/>
									</conditions>
								</line>
								<line number="131" hits="0" branch="false"/>
								<line number="141" hits="0" branch="false"/>
								<line number="152" hits="0" branch="false"/>
								<line number="153" hits="0" branch="false"/>
								<line number="154" hits="0" branch="false"/>
								<line number="156" hits="4" branch="false"/>
								<line number="158" hits="2" branch="false"/>
								<line number="159" hits="2" branch="false"/>
							</lines>
						</method>
						<method name="isAutoWireEnabled" signature="()Z" line-rate="1.0" branch-rate="1.0">
							<lines>
								<line number="170" hits="6" branch="false"/>
							</lines>
						</method>
						<method name="newInstance" signature="(Ljava/lang/String;[Ljava/lang/Object;)Ljava/lang/Object;" line-rate="0.8571428571428571" branch-rate="0.75">
							<lines>
								<line number="178" hits="4" branch="false"/>
								<line number="180" hits="4" branch="false"/>
								<line number="182" hits="4" branch="false"/>
								<line number="183" hits="4" branch="false"/>
								<line number="184" hits="16" branch="true" condition-coverage="100% (2/2)">
									<conditions>
										<condition number="0" type="jump" coverage="100%"/>
									</conditions>
								</line>
								<line number="185" hits="12" branch="false"/>
								<line number="186" hits="12" branch="false"/>
								<line number="189" hits="4" branch="false"/>
								<line number="190" hits="4" branch="false"/>
								<line number="191" hits="4" branch="false"/>
								<line number="193" hits="0" branch="false"/>
								<line number="194" hits="0" branch="false"/>
								<line number="197" hits="4" branch="true" condition-coverage="50% (1/2)">
									<conditions>
										<condition number="0" type="jump" coverage="50%"/>
									</conditions>
								</line>
								<line number="198" hits="4" branch="false"/>
							</lines>
						</method>
						<method name="setAutoWireEnabled" signature="(Z)V" line-rate="1.0" branch-rate="1.0">
							<lines>
								<line number="166" hits="1" branch="false"/>
								<line number="167" hits="1" branch="false"/>
							</lines>
						</method>
						<method name="setExternalContext" signature="(Ljava/util/Map;)V" line-rate="1.0" branch-rate="1.0">
							<lines>
								<line number="162" hits="2" branch="false"/>
								<line number="163" hits="2" branch="false"/>
							</lines>
						</method>
					</methods>
					<lines>
						<line number="89" hits="2" branch="false"/>
						<line number="92" hits="2" branch="false"/>
						<line number="100" hits="2" branch="true" condition-coverage="100% (2/2)">
							<conditions>
								<condition number="0" type="jump" coverage="100%"/>
							</conditions>
						</line>
						<line number="101" hits="4" branch="false"/>
						<line number="103" hits="4" branch="true" condition-coverage="50% (1/2)">
							<conditions>
								<condition number="0" type="jump" coverage="50%"/>
							</conditions>
						</line>
						<line number="107" hits="4" branch="false"/>
						<line number="112" hits="4" branch="false"/>
						<line number="115" hits="4" branch="true" condition-coverage="100% (2/2)">
							<conditions>
								<condition number="0" type="jump" coverage="100%"/>
							</conditions>
						</line>
						<line number="116" hits="2" branch="false"/>
						<line number="119" hits="0" branch="false"/>
						<line number="120" hits="0" branch="false"/>
						<line number="121" hits="4" branch="false"/>
						<line number="125" hits="0" branch="false"/>
						<line number="127" hits="0" branch="true" condition-coverage="0% (0/2)">
							<conditions>
								<condition number="0" type="jump" coverage="0%"/>
							</conditions>
						</line>
						<line number="128" hits="0" branch="false"/>
						<line number="130" hits="0" branch="true" condition-coverage="0% (0/2)">
							<conditions>
								<condition number="0" type="jump" coverage="0%"/>
							</conditions>
						</line>
						<line number="131" hits="0" branch="false"/>
						<line number="141" hits="0" branch="false"/>
						<line number="152" hits="0" branch="false"/>
						<line number="153" hits="0" branch="false"/>
						<line number="154" hits="0" branch="false"/>
						<line number="156" hits="4" branch="false"/>
						<line number="158" hits="2" branch="false"/>
						<line number="159" hits="2" branch="false"/>
						<line number="162" hits="2" branch="false"/>
						<line number="163" hits="2" branch="false"/>
						<line number="166" hits="1" branch="false"/>
						<line number="167" hits="1" branch="false"/>
						<line number="170" hits="6" branch="false"/>
						<line number="178" hits="4" branch="false"/>
						<line number="180" hits="4" branch="false"/>
						<line number="182" hits="4" branch="false"/>
						<line number="183" hits="4" branch="false"/>
						<line number="184" hits="16" branch="true" condition-coverage="100% (2/2)">
							<conditions>
								<condition number="0" type="jump" coverage="100%"/>
							</conditions>
						</line>
						<line number="185" hits="12" branch="false"/>
						<line number="186" hits="12" branch="false"/>
						<line number="189" hits="4" branch="false"/>
						<line number="190" hits="4" branch="false"/>
						<line number="191" hits="4" branch="false"/>
						<line number="193" hits="0" branch="false"/>
						<line number="194" hits="0" branch="false"/>
						<line number="197" hits="4" branch="true" condition-coverage="50% (1/2)">
							<conditions>
								<condition number="0" type="jump" coverage="50%"/>
							</conditions>
						</line>
						<line number="198" hits="4" branch="false"/>
						<line number="209" hits="0" branch="false"/>
						<line number="211" hits="0" branch="false"/>
						<line number="212" hits="0" branch="false"/>
						<line number="213" hits="0" branch="false"/>
						<line number="215" hits="0" branch="false"/>
						<line number="216" hits="0" branch="false"/>
						<line number="219" hits="0" branch="true" condition-coverage="0% (0/2)">
							<conditions>
								<condition number="0" type="jump" coverage="0%"/>
							</conditions>
						</line>
						<line number="220" hits="0" branch="false"/>
					</lines>
				</class>
			</classes>
		</package>
	</packages>
</coverage>
